#
# A fatal error has been detected by the Java Runtime Environment:
#
#  EXCEPTION_ACCESS_VIOLATION (0xc0000005) at pc=0x00000233a5d00fa4, pid=12520, tid=12484
#
# JRE version: OpenJDK Runtime Environment Temurin-21.0.8+9 (21.0.8+9) (build 21.0.8+9-LTS)
# Java VM: OpenJDK 64-Bit Server VM Temurin-21.0.8+9 (21.0.8+9-LTS, mixed mode, emulated-client, sharing, tiered, compressed oops, compressed class ptrs, g1 gc, windows-amd64)
# Problematic frame:
# v  ~BufferBlob::MethodHandles adapters 0x00000233a5d00fa4
#
# No core dump will be written. Minidumps are not enabled by default on client versions of Windows
#
# If you would like to submit a bug report, please visit:
#   https://github.com/adoptium/adoptium-support/issues
#

---------------  S U M M A R Y ------------

Command Line: -XX:+ShowCodeDetailsInExceptionMessages -agentlib:jdwp=transport=dt_socket,suspend=y,address=localhost:57638 -Dcom.sun.management.jmxremote -Dcom.sun.management.jmxremote.port=57637 -Dcom.sun.management.jmxremote.authenticate=false -Dcom.sun.management.jmxremote.ssl=false -Djava.rmi.server.hostname=localhost -Dspring.jmx.enabled=true -Dmanagement.endpoints.jmx.exposure.include=* -Dspring.application.admin.enabled=true -Dspring.output.ansi.enabled=always -XX:TieredStopAtLevel=1 -Dspring.boot.project.name=backend -javaagent:C:\sts-4.32.1\configuration\org.eclipse.osgi\272\0\.cp\lib\javaagent-shaded.jar -Dfile.encoding=UTF-8 -Dstdout.encoding=UTF-8 -Dstderr.encoding=UTF-8 com.pmtool.backend.BackendApplication

Host: 12th Gen Intel(R) Core(TM) i7-12700, 20 cores, 63G,  Windows 11 , 64 bit Build 26100 (10.0.26100.7019)
Time: Wed Nov 19 16:42:21 2025 India Standard Time elapsed time: 1539.612921 seconds (0d 0h 25m 39s)

---------------  T H R E A D  ---------------

Current thread (0x00000234069e79d0):  JavaThread "http-nio-0.0.0.0-8080-exec-2" daemon [_thread_in_Java, id=12484, stack(0x0000005b9ef00000,0x0000005b9f000000) (1024K)]

Stack: [0x0000005b9ef00000,0x0000005b9f000000],  sp=0x0000005b9eff9908,  free space=998k
Native frames: (J=compiled Java code, j=interpreted, Vv=VM code, C=native code)
C  0x00000233a5d00fa4

The last pc belongs to _linkToVirtual (printed below).

siginfo: EXCEPTION_ACCESS_VIOLATION (0xc0000005), reading address 0xffffffffffffffff


Registers:
RAX=0x00000233a5cd958b, RBX=0x00000004134f6fe8, RCX=0x0000005b9eff9910, RDX=0x0000000000000002
RSP=0x0000005b9eff9908, RBP=0x0000005b9eff9958, RSI=0x00000234068a0078, RDI=0x000002341064e0c0
R8 =0x0000000000000004, R9 =0x0000000000000004, R10=0x0000023482728bd2, R11=0x8268535e82616649
R12=0x0000000000000000, R13=0x0000005b9eff9908, R14=0x0000005b9eff9978, R15=0x00000234069e79d0
RIP=0x00000233a5d00fa4, EFLAGS=0x0000000000010206

XMM[0]=0x0000000000000000 0x0000000000000000
XMM[1]=0x0000000000000000 0x0000000000000000
XMM[2]=0x0000000000000000 0x0000000000000000
XMM[3]=0x0000000000000000 0x0000000000000000
XMM[4]=0x0000000000000000 0x0000000000000000
XMM[5]=0x0000000000000000 0x0000000000000000
XMM[6]=0x0000000000000000 0x0000000000000000
XMM[7]=0x0000000000000000 0x0000000000000000
XMM[8]=0x0000000000000000 0x0000000000000000
XMM[9]=0x0000000000000000 0x0000000000000000
XMM[10]=0x0000000000000000 0x0000000000000000
XMM[11]=0x0000000000000000 0x0000000000000000
XMM[12]=0x0000000000000000 0x0000000000000000
XMM[13]=0x0000000000000000 0x0000000000000000
XMM[14]=0x0000000000000000 0x0000000000000000
XMM[15]=0x0000000000000000 0x0000000000000000
  MXCSR=0x00001fa0


Register to memory mapping:

RAX=0x00000233a5cd958b is at code_begin+4363 in an Interpreter codelet
return entry points  [0x00000233a5cd8480, 0x00000233a5cda298]  7704 bytes
RBX=0x00000004134f6fe8 is an oop: com.pmtool.backend.services.EmployeeService 
{0x00000004134f6fe8} - klass: 'com/pmtool/backend/services/EmployeeService'
 - ---- fields (total size 3 words):
 - private 'employeeRepository' 'Lcom/pmtool/backend/repository/EmployeeRepository;' @12  a 'jdk/proxy2/$Proxy131'{0x00000004130b32a8} (0x82616655)
 - private 'passwordEncoder' 'Lorg/springframework/security/crypto/password/PasswordEncoder;' @16  a 'org/springframework/security/crypto/password/NoOpPasswordEncoder'{0x00000004130b3248} (0x82616649)
 - private 'departmentRepository' 'Lcom/pmtool/backend/repository/DepartmentRepository;' @20  a 'jdk/proxy2/$Proxy135'{0x0000000413429af0} (0x8268535e)
RCX=0x0000005b9eff9910 is pointing into the stack for thread: 0x00000234069e79d0
RDX=0x0000000000000002 is an unknown value
RSP=0x0000005b9eff9908 is pointing into the stack for thread: 0x00000234069e79d0
RBP=0x0000005b9eff9958 is pointing into the stack for thread: 0x00000234069e79d0
RSI=0x00000234068a0078 points into unknown readable memory: 0x80000400769152c7 | c7 52 91 76 00 04 00 80
RDI=0x000002341064e0c0 points into unknown readable memory: 0x0000001800000060 | 60 00 00 00 18 00 00 00
R8 =0x0000000000000004 is an unknown value
R9 =0x0000000000000004 is an unknown value
R10=0x0000023482728bd2 is an unknown value
R11=0x8268535e82616649 is an unknown value
R12=0x0 is null
R13=0x0000005b9eff9908 is pointing into the stack for thread: 0x00000234069e79d0
R14=0x0000005b9eff9978 is pointing into the stack for thread: 0x00000234069e79d0
R15=0x00000234069e79d0 is a thread

Top of Stack: (sp=0x0000005b9eff9908)
0x0000005b9eff9908:   00000233a5cd958b 0000005b9eff9910
0x0000005b9eff9918:   00000233c1728bd2 0000000000000004
0x0000005b9eff9928:   00000233c10b1258 00000234069e79d0
0x0000005b9eff9938:   000000040498b160 00000233c10b3da8
0x0000005b9eff9948:   0000005b9eff9908 0000005b9eff9980
0x0000005b9eff9958:   0000005b9eff9c98 00000233a6485fb0
0x0000005b9eff9968:   000000041297f140 00000004134f6fe8
0x0000005b9eff9978:   000000041297f0d8 00000234047d0d60
0x0000005b9eff9988:   00000004418845c8 0000000405dbe1a8
0x0000005b9eff9998:   000000041297f0b0 00000004134f6fe8
0x0000005b9eff99a8:   000000041297f188 000000041297f0d8
0x0000005b9eff99b8:   00000004134f6fe8 00000233a6485eec
0x0000005b9eff99c8:   00000233a6085e1e 0000005b9eff9c98
0x0000005b9eff99d8:   00000233a6872b2a 0000000000000000
0x0000005b9eff99e8:   0000000404a0d640 000000041297efe8
0x0000005b9eff99f8:   000000040526efb8 0000005b9eff9940
0x0000005b9eff9a08:   00000233a5f60efc 00000233a5f60590
0x0000005b9eff9a18:   0000000000000000 0000005b9eff9960
0x0000005b9eff9a28:   00000233a5f60efc 0000005b9eff9c98
0x0000005b9eff9a38:   00000233a6193644 0000580000000000
0x0000005b9eff9a48:   0000005b9eff9ae0 0000005b9eff9960
0x0000005b9eff9a58:   0000000000000c00 0000000000000000
0x0000005b9eff9a68:   0000000000000000 0000000000000000
0x0000005b9eff9a78:   0000000000000000 0000000000000000
0x0000005b9eff9a88:   0000000000000000 000000041297f090
0x0000005b9eff9a98:   00000004418917d8 00000004134f6fe8
0x0000005b9eff9aa8:   0000000500000000 00000234069e79d0
0x0000005b9eff9ab8:   000000041297ef90 000000040526efb8
0x0000005b9eff9ac8:   0000000405dbe1a8 0000000405dbe1a8
0x0000005b9eff9ad8:   0000023400000001 000000041297efe8
0x0000005b9eff9ae8:   000000041297efe8 00007ffb495d8400
0x0000005b9eff9af8:   000000041297f0b0 0000005b9eff9c98 

Instructions: (pc=0x00000233a5d00fa4)
0x00000233a5d00ea4:   33 02 00 00 00 0f d0 a5 33 02 00 00 80 1f d0 a5
0x00000233a5d00eb4:   33 02 00 00 f0 0e d0 a5 33 02 00 00 f0 0e d0 a5
0x00000233a5d00ec4:   33 02 00 00 00 00 00 00 00 00 00 00 48 ea 57 49
0x00000233a5d00ed4:   fb 7f 00 00 f0 10 00 00 60 00 00 00 ff ff ff ff
0x00000233a5d00ee4:   f0 10 00 00 00 00 00 00 00 00 00 00 00 00 00 00
0x00000233a5d00ef4:   00 00 00 00 00 00 00 00 00 00 00 00 f4 66 66 66
0x00000233a5d00f04:   0f 1f 84 00 00 00 00 00 66 66 66 90 66 66 66 0f
0x00000233a5d00f14:   1f 84 00 00 00 00 00 66 66 66 90 90 48 8b 53 08
0x00000233a5d00f24:   0f b7 52 2e 48 8b 0c d4 8b 59 14 48 c1 e3 03 8b
0x00000233a5d00f34:   5b 28 48 c1 e3 03 8b 5b 24 48 c1 e3 03 48 8b 5b
0x00000233a5d00f44:   10 48 85 db 0f 84 10 00 00 00 41 80 bf d8 05 00
0x00000233a5d00f54:   00 00 74 03 ff 63 38 ff 63 50 e9 9d 16 00 00 66
0x00000233a5d00f64:   66 66 0f 1f 84 00 00 00 00 00 66 66 66 90 66 66
0x00000233a5d00f74:   0f 1f 84 00 00 00 00 00 66 66 66 90 48 8b 53 08
0x00000233a5d00f84:   0f b7 52 2e 48 8b 0c d4 58 5b 50 44 8b 51 08 49
0x00000233a5d00f94:   bb 00 00 00 c1 33 02 00 00 4d 03 d3 4c 8b 5b 10
0x00000233a5d00fa4:   4b 8b 9c da d0 01 00 00 48 85 db 0f 84 10 00 00
0x00000233a5d00fb4:   00 41 80 bf d8 05 00 00 00 74 03 ff 63 38 ff 63
0x00000233a5d00fc4:   50 e9 36 16 00 00 66 66 66 0f 1f 84 00 00 00 00
0x00000233a5d00fd4:   00 66 66 66 90 0f 1f 80 00 00 00 00 58 5b 50 8b
0x00000233a5d00fe4:   5b 24 48 c1 e3 03 48 8b 5b 10 48 85 db 0f 84 10
0x00000233a5d00ff4:   00 00 00 41 80 bf d8 05 00 00 00 74 03 ff 63 38
0x00000233a5d01004:   ff 63 50 e9 f4 15 00 00 66 66 66 0f 1f 84 00 00
0x00000233a5d01014:   00 00 00 66 66 66 90 0f 1f 44 00 00 48 8b 53 08
0x00000233a5d01024:   0f b7 52 2e 48 8b 0c d4 58 5b 50 48 3b 01 8b 5b
0x00000233a5d01034:   24 48 c1 e3 03 48 8b 5b 10 48 85 db 0f 84 10 00
0x00000233a5d01044:   00 00 41 80 bf d8 05 00 00 00 74 03 ff 63 38 ff
0x00000233a5d01054:   63 50 e9 a5 15 00 00 0f 1f 44 00 00 48 8b 53 08
0x00000233a5d01064:   0f b7 52 2e 48 8b 0c d4 58 5b 50 44 8b 51 08 49
0x00000233a5d01074:   bb 00 00 00 c1 33 02 00 00 4d 03 d3 8b 43 18 48
0x00000233a5d01084:   c1 e0 03 48 8b 40 10 48 8b 5b 10 45 8b 9a ac 00
0x00000233a5d01094:   00 00 4f 8d 9c da d0 01 00 00 4d 8d 14 da 49 8b 


Stack slot to memory mapping:

stack at sp + 0 slots: 0x00000233a5cd958b is at code_begin+4363 in an Interpreter codelet
return entry points  [0x00000233a5cd8480, 0x00000233a5cda298]  7704 bytes
stack at sp + 1 slots: 0x0000005b9eff9910 is pointing into the stack for thread: 0x00000234069e79d0
stack at sp + 2 slots: 0x00000233c1728bd2 is pointing into metadata
stack at sp + 3 slots: 0x0000000000000004 is an unknown value
stack at sp + 4 slots: 0x00000233c10b1258 is pointing into metadata
stack at sp + 5 slots: 0x00000234069e79d0 is a thread
stack at sp + 6 slots: 0x000000040498b160 is an oop: java.lang.Class 
{0x000000040498b160} - klass: 'java/lang/Class'
 - ---- fields (total size 14 words):
 - private volatile transient 'classRedefinedCount' 'I' @12  0 (0x00000000)
 - injected 'klass' 'J' @16  2421305314848 (0x00000233c10b0e20)
 - injected 'array_klass' 'J' @24  0 (0x0000000000000000)
 - injected 'oop_size' 'I' @32  14 (0x0000000e)
 - injected 'static_oop_field_count' 'I' @36  0 (0x00000000)
 - private volatile transient 'cachedConstructor' 'Ljava/lang/reflect/Constructor;' @40  null (0x00000000)
 - private transient 'name' 'Ljava/lang/String;' @44  null (0x00000000)
 - private transient 'module' 'Ljava/lang/Module;' @48  a 'java/lang/Module'{0x00000004049828a0} (0x80930514)
 - private final 'classLoader' 'Ljava/lang/ClassLoader;' @52  null (0x00000000)
 - private transient 'classData' 'Ljava/lang/Object;' @56  null (0x00000000)
 - private transient 'packageName' 'Ljava/lang/String;' @60  null (0x00000000)
 - private final 'componentType' 'Ljava/lang/Class;' @64  null (0x00000000)
 - private volatile transient 'reflectionData' 'Ljava/lang/ref/SoftReference;' @68  null (0x00000000)
 - private volatile transient 'genericInfo' 'Lsun/reflect/generics/repository/ClassRepository;' @72  null (0x00000000)
 - private volatile transient 'enumConstants' '[Ljava/lang/Object;' @76  null (0x00000000)
 - private volatile transient 'enumConstantDirectory' 'Ljava/util/Map;' @80  null (0x00000000)
 - private volatile transient 'annotationData' 'Ljava/lang/Class$AnnotationData;' @84  null (0x00000000)
 - private volatile transient 'annotationType' 'Lsun/reflect/annotation/AnnotationType;' @88  null (0x00000000)
 - transient 'classValueMap' 'Ljava/lang/ClassValue$ClassValueMap;' @92  null (0x00000000)
 - injected 'protection_domain' 'Ljava/lang/Object;' @96  null (0x00000000)
 - injected 'signers_name' 'Ljava/lang/Object;' @100  null (0x00000000)
 - injected 'source_file' 'Ljava/lang/Object;' @104  null (0x00000000)
 - injected '<init_lock>' 'Ljava/lang/Object;' @108  null (0x00000000)
 - signature: Ljava/lang/invoke/DirectMethodHandle$Holder;
 - ---- static fields (0):
stack at sp + 7 slots: {method} {0x00000233c10b3db0} 'invokeVirtual' '(Ljava/lang/Object;Ljava/lang/Object;)Ljava/lang/Object;' in 'java/lang/invoke/DirectMethodHandle$Holder'

MethodHandle::interpreter_entry::_linkToVirtual [0x00000233a5d00f63, 0x00000233a5d00fca] (103 bytes)
[MachCode]
  0x00000233a5d00f63: 6666 660f | 1f84 0000 | 0000 0066 | 6666 9066 | 660f 1f84 | 0000 0000 | 0066 6666 | 9048 8b53 
  0x00000233a5d00f83: 080f b752 | 2e48 8b0c | d458 5b50 | 448b 5108 | 49bb 0000 | 00c1 3302 | 0000 4d03 | d34c 8b5b 
  0x00000233a5d00fa3: 104b 8b9c | dad0 0100 | 0048 85db | 0f84 1000 | 0000 4180 | bfd8 0500 | 0000 7403 | ff63 38ff 
  0x00000233a5d00fc3: 6350 e936 | 
[/MachCode]

---------------  P R O C E S S  ---------------

Threads class SMR info:
_java_thread_list=0x000002340684e030, length=36, elements={
0x00000233c07a0410, 0x00000233c07a32d0, 0x00000233c07a5940, 0x00000233c07aa280,
0x00000233c07a81b0, 0x00000233c07a8ed0, 0x00000233c07b66d0, 0x00000233c07a8840,
0x00000233c095a620, 0x00000233c0964050, 0x00000233c09666e0, 0x00000233c07aa910,
0x00000233c07a9bf0, 0x00000233c07a9560, 0x00000233c07aafa0, 0x00000234069e2b10,
0x00000234069e4be0, 0x00000234069e31a0, 0x00000234069e6620, 0x00000234069e3830,
0x00000234069e7340, 0x00000234069e4550, 0x00000234069e5900, 0x00000234069e8060,
0x00000234069e79d0, 0x00000234069e86f0, 0x00000234069e5270, 0x00000234069e8d80,
0x00000234069e9410, 0x00000234069e5f90, 0x00000234069ea130, 0x00000234069e9aa0,
0x00000234096c02a0, 0x00000234096c3090, 0x00000234096c3db0, 0x00000234096c0fc0
}

Java Threads: ( => current thread )
  0x00000233c07a0410 JavaThread "Reference Handler"          daemon [_thread_blocked, id=15656, stack(0x0000005b9be00000,0x0000005b9bf00000) (1024K)]
  0x00000233c07a32d0 JavaThread "Finalizer"                  daemon [_thread_blocked, id=30596, stack(0x0000005b9bf00000,0x0000005b9c000000) (1024K)]
  0x00000233c07a5940 JavaThread "Signal Dispatcher"          daemon [_thread_blocked, id=31700, stack(0x0000005b9c000000,0x0000005b9c100000) (1024K)]
  0x00000233c07aa280 JavaThread "Attach Listener"            daemon [_thread_blocked, id=21128, stack(0x0000005b9c100000,0x0000005b9c200000) (1024K)]
  0x00000233c07a81b0 JavaThread "Service Thread"             daemon [_thread_blocked, id=16640, stack(0x0000005b9c200000,0x0000005b9c300000) (1024K)]
  0x00000233c07a8ed0 JavaThread "Monitor Deflation Thread"   daemon [_thread_blocked, id=26288, stack(0x0000005b9c300000,0x0000005b9c400000) (1024K)]
  0x00000233c07b66d0 JavaThread "C1 CompilerThread0"         daemon [_thread_blocked, id=1012, stack(0x0000005b9c400000,0x0000005b9c500000) (1024K)]
  0x00000233c07a8840 JavaThread "Common-Cleaner"             daemon [_thread_blocked, id=25136, stack(0x0000005b9c500000,0x0000005b9c600000) (1024K)]
  0x00000233c095a620 JavaThread "JDWP Transport Listener: dt_socket" daemon [_thread_blocked, id=4228, stack(0x0000005b9ca00000,0x0000005b9cb00000) (1024K)]
  0x00000233c0964050 JavaThread "JDWP Event Helper Thread"   daemon [_thread_blocked, id=8764, stack(0x0000005b9cb00000,0x0000005b9cc00000) (1024K)]
  0x00000233c09666e0 JavaThread "JDWP Command Reader"        daemon [_thread_in_native, id=26052, stack(0x0000005b9cc00000,0x0000005b9cd00000) (1024K)]
  0x00000233c07aa910 JavaThread "Notification Thread"        daemon [_thread_blocked, id=11428, stack(0x0000005b9cd00000,0x0000005b9ce00000) (1024K)]
  0x00000233c07a9bf0 JavaThread "RMI TCP Accept-0"           daemon [_thread_in_native, id=27552, stack(0x0000005b9ce00000,0x0000005b9cf00000) (1024K)]
  0x00000233c07a9560 JavaThread "RMI TCP Accept-57637"       daemon [_thread_in_native, id=29228, stack(0x0000005b9cf00000,0x0000005b9d000000) (1024K)]
  0x00000233c07aafa0 JavaThread "RMI TCP Accept-0"           daemon [_thread_in_native, id=23580, stack(0x0000005b9d000000,0x0000005b9d100000) (1024K)]
  0x00000234069e2b10 JavaThread "RMI Scheduler(0)"           daemon [_thread_blocked, id=24076, stack(0x0000005b9e000000,0x0000005b9e100000) (1024K)]
  0x00000234069e4be0 JavaThread "RMI TCP Connection(idle)"   daemon [_thread_blocked, id=17524, stack(0x0000005b9e100000,0x0000005b9e200000) (1024K)]
  0x00000234069e31a0 JavaThread "JMX server connection timeout 53" daemon [_thread_blocked, id=30588, stack(0x0000005b9e200000,0x0000005b9e300000) (1024K)]
  0x00000234069e6620 JavaThread "Catalina-utility-1"                [_thread_blocked, id=17424, stack(0x0000005b9e600000,0x0000005b9e700000) (1024K)]
  0x00000234069e3830 JavaThread "Catalina-utility-2"                [_thread_blocked, id=5036, stack(0x0000005b9e800000,0x0000005b9e900000) (1024K)]
  0x00000234069e7340 JavaThread "container-0"                       [_thread_blocked, id=29116, stack(0x0000005b9e900000,0x0000005b9ea00000) (1024K)]
  0x00000234069e4550 JavaThread "PostgreSQL-JDBC-Cleaner"    daemon [_thread_blocked, id=30732, stack(0x0000005b9eb00000,0x0000005b9ec00000) (1024K)]
  0x00000234069e5900 JavaThread "HikariPool-1 housekeeper"   daemon [_thread_blocked, id=31004, stack(0x0000005b9ec00000,0x0000005b9ed00000) (1024K)]
  0x00000234069e8060 JavaThread "http-nio-0.0.0.0-8080-exec-1" daemon [_thread_blocked, id=23636, stack(0x0000005b9ee00000,0x0000005b9ef00000) (1024K)]
=>0x00000234069e79d0 JavaThread "http-nio-0.0.0.0-8080-exec-2" daemon [_thread_in_Java, id=12484, stack(0x0000005b9ef00000,0x0000005b9f000000) (1024K)]
  0x00000234069e86f0 JavaThread "http-nio-0.0.0.0-8080-exec-3" daemon [_thread_blocked, id=10212, stack(0x0000005b9f000000,0x0000005b9f100000) (1024K)]
  0x00000234069e5270 JavaThread "http-nio-0.0.0.0-8080-exec-4" daemon [_thread_blocked, id=29876, stack(0x0000005b9f100000,0x0000005b9f200000) (1024K)]
  0x00000234069e8d80 JavaThread "http-nio-0.0.0.0-8080-exec-5" daemon [_thread_blocked, id=27640, stack(0x0000005b9f200000,0x0000005b9f300000) (1024K)]
  0x00000234069e9410 JavaThread "http-nio-0.0.0.0-8080-exec-6" daemon [_thread_blocked, id=20016, stack(0x0000005b9f300000,0x0000005b9f400000) (1024K)]
  0x00000234069e5f90 JavaThread "http-nio-0.0.0.0-8080-exec-7" daemon [_thread_blocked, id=544, stack(0x0000005b9f400000,0x0000005b9f500000) (1024K)]
  0x00000234069ea130 JavaThread "http-nio-0.0.0.0-8080-exec-8" daemon [_thread_blocked, id=30164, stack(0x0000005b9f500000,0x0000005b9f600000) (1024K)]
  0x00000234069e9aa0 JavaThread "http-nio-0.0.0.0-8080-exec-9" daemon [_thread_blocked, id=8900, stack(0x0000005b9f600000,0x0000005b9f700000) (1024K)]
  0x00000234096c02a0 JavaThread "http-nio-0.0.0.0-8080-exec-10" daemon [_thread_blocked, id=2280, stack(0x0000005b9f700000,0x0000005b9f800000) (1024K)]
  0x00000234096c3090 JavaThread "http-nio-0.0.0.0-8080-Poller" daemon [_thread_in_native, id=10612, stack(0x0000005b9f800000,0x0000005b9f900000) (1024K)]
  0x00000234096c3db0 JavaThread "http-nio-0.0.0.0-8080-Acceptor" daemon [_thread_in_native, id=31068, stack(0x0000005b9f900000,0x0000005b9fa00000) (1024K)]
  0x00000234096c0fc0 JavaThread "DestroyJavaVM"                     [_thread_blocked, id=18732, stack(0x0000005b9b600000,0x0000005b9b700000) (1024K)]
Total: 36

Other Threads:
  0x000002339ff0d5a0 VMThread "VM Thread"                           [id=1716, stack(0x0000005b9bd00000,0x0000005b9be00000) (1024K)]
  0x00000233c0791180 WatcherThread "VM Periodic Task Thread"        [id=20752, stack(0x0000005b9bc00000,0x0000005b9bd00000) (1024K)]
  0x000002339ff0d200 WorkerThread "GC Thread#0"                     [id=20076, stack(0x0000005b9b700000,0x0000005b9b800000) (1024K)]
  0x000002339ff0cac0 WorkerThread "GC Thread#1"                     [id=31572, stack(0x0000005b9d100000,0x0000005b9d200000) (1024K)]
  0x000002339ff0ce60 WorkerThread "GC Thread#2"                     [id=2164, stack(0x0000005b9d200000,0x0000005b9d300000) (1024K)]
  0x000002340692a9e0 WorkerThread "GC Thread#3"                     [id=1792, stack(0x0000005b9d300000,0x0000005b9d400000) (1024K)]
  0x0000023406929420 WorkerThread "GC Thread#4"                     [id=4772, stack(0x0000005b9d400000,0x0000005b9d500000) (1024K)]
  0x00000234069285a0 WorkerThread "GC Thread#5"                     [id=27816, stack(0x0000005b9d500000,0x0000005b9d600000) (1024K)]
  0x000002340692a640 WorkerThread "GC Thread#6"                     [id=29096, stack(0x0000005b9d600000,0x0000005b9d700000) (1024K)]
  0x000002340692a2a0 WorkerThread "GC Thread#7"                     [id=29644, stack(0x0000005b9d700000,0x0000005b9d800000) (1024K)]
  0x000002340692b860 WorkerThread "GC Thread#8"                     [id=31240, stack(0x0000005b9d800000,0x0000005b9d900000) (1024K)]
  0x0000023406928940 WorkerThread "GC Thread#9"                     [id=28176, stack(0x0000005b9d900000,0x0000005b9da00000) (1024K)]
  0x00000234069297c0 WorkerThread "GC Thread#10"                    [id=25256, stack(0x0000005b9da00000,0x0000005b9db00000) (1024K)]
  0x000002340692ad80 WorkerThread "GC Thread#11"                    [id=19748, stack(0x0000005b9db00000,0x0000005b9dc00000) (1024K)]
  0x0000023406929b60 WorkerThread "GC Thread#12"                    [id=17264, stack(0x0000005b9dc00000,0x0000005b9dd00000) (1024K)]
  0x000002340692b120 WorkerThread "GC Thread#13"                    [id=10176, stack(0x0000005b9dd00000,0x0000005b9de00000) (1024K)]
  0x0000023406929f00 WorkerThread "GC Thread#14"                    [id=22436, stack(0x0000005b9de00000,0x0000005b9df00000) (1024K)]
  0x00000233bd56d730 ConcurrentGCThread "G1 Main Marker"            [id=16800, stack(0x0000005b9b800000,0x0000005b9b900000) (1024K)]
  0x000002339ff0bfe0 WorkerThread "G1 Conc#0"                       [id=13196, stack(0x0000005b9b900000,0x0000005b9ba00000) (1024K)]
  0x000002340692bc00 WorkerThread "G1 Conc#1"                       [id=5644, stack(0x0000005b9e300000,0x0000005b9e400000) (1024K)]
  0x000002340692bfa0 WorkerThread "G1 Conc#2"                       [id=17692, stack(0x0000005b9e400000,0x0000005b9e500000) (1024K)]
  0x0000023406928ce0 WorkerThread "G1 Conc#3"                       [id=14120, stack(0x0000005b9e500000,0x0000005b9e600000) (1024K)]
  0x00000233bd63ede0 ConcurrentGCThread "G1 Refine#0"               [id=20052, stack(0x0000005b9ba00000,0x0000005b9bb00000) (1024K)]
  0x00000233bd640700 ConcurrentGCThread "G1 Service"                [id=22488, stack(0x0000005b9bb00000,0x0000005b9bc00000) (1024K)]
Total: 24

Threads with active compile tasks:
Total: 0

VM state: not at safepoint (normal execution)

VM Mutex/Monitor currently owned by a thread: None

OutOfMemory and StackOverflow Exception counts:
StackOverflowErrors=5
LinkageErrors=164

Heap address: 0x0000000404800000, size: 16312 MB, Compressed Oops mode: Zero based, Oop shift amount: 3

CDS archive(s) mapped at: [0x00000233c1000000-0x00000233c1c80000-0x00000233c1c80000), size 13107200, SharedBaseAddress: 0x00000233c1000000, ArchiveRelocationMode: 1.
Compressed class space mapped at: 0x00000233c2000000-0x0000023402000000, reserved size: 1073741824
Narrow klass base: 0x00000233c1000000, Narrow klass shift: 0, Narrow klass range: 0x100000000

GC Precious Log:
 CardTable entry size: 512
 Card Set container configuration: InlinePtr #cards 4 size 8 Array Of Cards #cards 64 size 144 Howl #buckets 8 coarsen threshold 14745 Howl Bitmap #cards 2048 size 272 coarsen threshold 1843 Card regions per heap region 1 cards per card region 16384
 CPUs: 20 total, 20 available
 Memory: 65224M
 Large Page Support: Disabled
 NUMA Support: Disabled
 Compressed Oops: Enabled (Zero based)
 Heap Region Size: 8M
 Heap Min Capacity: 8M
 Heap Initial Capacity: 1G
 Heap Max Capacity: 16312M
 Pre-touch: Disabled
 Parallel Workers: 15
 Concurrent Workers: 4
 Concurrent Refinement Workers: 15
 Periodic GC: Disabled

Heap:
 garbage-first heap   total 581632K, used 59527K [0x0000000404800000, 0x0000000800000000)
  region size 8192K, 6 young (49152K), 3 survivors (24576K)
 Metaspace       used 80010K, committed 80832K, reserved 1179648K
  class space    used 11628K, committed 11968K, reserved 1048576K

Heap Regions: E=young(eden), S=young(survivor), O=old, HS=humongous(starts), HC=humongous(continues), CS=collection set, F=free, TAMS=top-at-mark-start, PB=parsable bottom
|   0|0x0000000404800000, 0x0000000405000000, 0x0000000405000000|100%| O|  |TAMS 0x0000000404800000| PB 0x0000000404800000| Untracked 
|   1|0x0000000405000000, 0x0000000405800000, 0x0000000405800000|100%| O|  |TAMS 0x0000000405000000| PB 0x0000000405000000| Untracked 
|   2|0x0000000405800000, 0x0000000406000000, 0x0000000406000000|100%| O|  |TAMS 0x0000000405800000| PB 0x0000000405800000| Untracked 
|   3|0x0000000406000000, 0x0000000406000000, 0x0000000406800000|  0%| F|  |TAMS 0x0000000406000000| PB 0x0000000406000000| Untracked 
|   4|0x0000000406800000, 0x00000004068b3010, 0x0000000407000000|  8%| O|  |TAMS 0x0000000406800000| PB 0x0000000406800000| Untracked 
|   5|0x0000000407000000, 0x0000000407000000, 0x0000000407800000|  0%| F|  |TAMS 0x0000000407000000| PB 0x0000000407000000| Untracked 
|   6|0x0000000407800000, 0x0000000407800000, 0x0000000408000000|  0%| F|  |TAMS 0x0000000407800000| PB 0x0000000407800000| Untracked 
|   7|0x0000000408000000, 0x0000000408000000, 0x0000000408800000|  0%| F|  |TAMS 0x0000000408000000| PB 0x0000000408000000| Untracked 
|   8|0x0000000408800000, 0x0000000408800000, 0x0000000409000000|  0%| F|  |TAMS 0x0000000408800000| PB 0x0000000408800000| Untracked 
|   9|0x0000000409000000, 0x0000000409000000, 0x0000000409800000|  0%| F|  |TAMS 0x0000000409000000| PB 0x0000000409000000| Untracked 
|  10|0x0000000409800000, 0x0000000409800000, 0x000000040a000000|  0%| F|  |TAMS 0x0000000409800000| PB 0x0000000409800000| Untracked 
|  11|0x000000040a000000, 0x000000040a000000, 0x000000040a800000|  0%| F|  |TAMS 0x000000040a000000| PB 0x000000040a000000| Untracked 
|  12|0x000000040a800000, 0x000000040a800000, 0x000000040b000000|  0%| F|  |TAMS 0x000000040a800000| PB 0x000000040a800000| Untracked 
|  13|0x000000040b000000, 0x000000040b000000, 0x000000040b800000|  0%| F|  |TAMS 0x000000040b000000| PB 0x000000040b000000| Untracked 
|  14|0x000000040b800000, 0x000000040b800000, 0x000000040c000000|  0%| F|  |TAMS 0x000000040b800000| PB 0x000000040b800000| Untracked 
|  15|0x000000040c000000, 0x000000040c000000, 0x000000040c800000|  0%| F|  |TAMS 0x000000040c000000| PB 0x000000040c000000| Untracked 
|  16|0x000000040c800000, 0x000000040c800000, 0x000000040d000000|  0%| F|  |TAMS 0x000000040c800000| PB 0x000000040c800000| Untracked 
|  17|0x000000040d000000, 0x000000040d000000, 0x000000040d800000|  0%| F|  |TAMS 0x000000040d000000| PB 0x000000040d000000| Untracked 
|  18|0x000000040d800000, 0x000000040d800000, 0x000000040e000000|  0%| F|  |TAMS 0x000000040d800000| PB 0x000000040d800000| Untracked 
|  19|0x000000040e000000, 0x000000040e000000, 0x000000040e800000|  0%| F|  |TAMS 0x000000040e000000| PB 0x000000040e000000| Untracked 
|  20|0x000000040e800000, 0x000000040e800000, 0x000000040f000000|  0%| F|  |TAMS 0x000000040e800000| PB 0x000000040e800000| Untracked 
|  21|0x000000040f000000, 0x000000040f000000, 0x000000040f800000|  0%| F|  |TAMS 0x000000040f000000| PB 0x000000040f000000| Untracked 
|  22|0x000000040f800000, 0x000000040f800000, 0x0000000410000000|  0%| F|  |TAMS 0x000000040f800000| PB 0x000000040f800000| Untracked 
|  23|0x0000000410000000, 0x0000000410000000, 0x0000000410800000|  0%| F|  |TAMS 0x0000000410000000| PB 0x0000000410000000| Untracked 
|  24|0x0000000410800000, 0x0000000410800000, 0x0000000411000000|  0%| F|  |TAMS 0x0000000410800000| PB 0x0000000410800000| Untracked 
|  25|0x0000000411000000, 0x0000000411000000, 0x0000000411800000|  0%| F|  |TAMS 0x0000000411000000| PB 0x0000000411000000| Untracked 
|  26|0x0000000411800000, 0x0000000411800000, 0x0000000412000000|  0%| F|  |TAMS 0x0000000411800000| PB 0x0000000411800000| Untracked 
|  27|0x0000000412000000, 0x000000041216ec80, 0x0000000412800000| 17%| S|CS|TAMS 0x0000000412000000| PB 0x0000000412000000| Complete 
|  28|0x0000000412800000, 0x0000000413000000, 0x0000000413000000|100%| S|CS|TAMS 0x0000000412800000| PB 0x0000000412800000| Complete 
|  29|0x0000000413000000, 0x0000000413800000, 0x0000000413800000|100%| S|CS|TAMS 0x0000000413000000| PB 0x0000000413000000| Complete 
|  30|0x0000000413800000, 0x0000000413800000, 0x0000000414000000|  0%| F|  |TAMS 0x0000000413800000| PB 0x0000000413800000| Untracked 
|  31|0x0000000414000000, 0x0000000414000000, 0x0000000414800000|  0%| F|  |TAMS 0x0000000414000000| PB 0x0000000414000000| Untracked 
|  32|0x0000000414800000, 0x0000000414800000, 0x0000000415000000|  0%| F|  |TAMS 0x0000000414800000| PB 0x0000000414800000| Untracked 
|  33|0x0000000415000000, 0x0000000415000000, 0x0000000415800000|  0%| F|  |TAMS 0x0000000415000000| PB 0x0000000415000000| Untracked 
|  34|0x0000000415800000, 0x0000000415800000, 0x0000000416000000|  0%| F|  |TAMS 0x0000000415800000| PB 0x0000000415800000| Untracked 
|  35|0x0000000416000000, 0x0000000416000000, 0x0000000416800000|  0%| F|  |TAMS 0x0000000416000000| PB 0x0000000416000000| Untracked 
|  36|0x0000000416800000, 0x0000000416800000, 0x0000000417000000|  0%| F|  |TAMS 0x0000000416800000| PB 0x0000000416800000| Untracked 
|  37|0x0000000417000000, 0x0000000417000000, 0x0000000417800000|  0%| F|  |TAMS 0x0000000417000000| PB 0x0000000417000000| Untracked 
|  38|0x0000000417800000, 0x0000000417800000, 0x0000000418000000|  0%| F|  |TAMS 0x0000000417800000| PB 0x0000000417800000| Untracked 
|  39|0x0000000418000000, 0x0000000418000000, 0x0000000418800000|  0%| F|  |TAMS 0x0000000418000000| PB 0x0000000418000000| Untracked 
|  40|0x0000000418800000, 0x0000000418800000, 0x0000000419000000|  0%| F|  |TAMS 0x0000000418800000| PB 0x0000000418800000| Untracked 
|  41|0x0000000419000000, 0x0000000419000000, 0x0000000419800000|  0%| F|  |TAMS 0x0000000419000000| PB 0x0000000419000000| Untracked 
|  42|0x0000000419800000, 0x0000000419800000, 0x000000041a000000|  0%| F|  |TAMS 0x0000000419800000| PB 0x0000000419800000| Untracked 
|  43|0x000000041a000000, 0x000000041a000000, 0x000000041a800000|  0%| F|  |TAMS 0x000000041a000000| PB 0x000000041a000000| Untracked 
|  44|0x000000041a800000, 0x000000041a800000, 0x000000041b000000|  0%| F|  |TAMS 0x000000041a800000| PB 0x000000041a800000| Untracked 
|  45|0x000000041b000000, 0x000000041b000000, 0x000000041b800000|  0%| F|  |TAMS 0x000000041b000000| PB 0x000000041b000000| Untracked 
|  46|0x000000041b800000, 0x000000041b800000, 0x000000041c000000|  0%| F|  |TAMS 0x000000041b800000| PB 0x000000041b800000| Untracked 
|  47|0x000000041c000000, 0x000000041c000000, 0x000000041c800000|  0%| F|  |TAMS 0x000000041c000000| PB 0x000000041c000000| Untracked 
|  48|0x000000041c800000, 0x000000041c800000, 0x000000041d000000|  0%| F|  |TAMS 0x000000041c800000| PB 0x000000041c800000| Untracked 
|  49|0x000000041d000000, 0x000000041d000000, 0x000000041d800000|  0%| F|  |TAMS 0x000000041d000000| PB 0x000000041d000000| Untracked 
|  50|0x000000041d800000, 0x000000041d800000, 0x000000041e000000|  0%| F|  |TAMS 0x000000041d800000| PB 0x000000041d800000| Untracked 
|  51|0x000000041e000000, 0x000000041e000000, 0x000000041e800000|  0%| F|  |TAMS 0x000000041e000000| PB 0x000000041e000000| Untracked 
|  52|0x000000041e800000, 0x000000041e800000, 0x000000041f000000|  0%| F|  |TAMS 0x000000041e800000| PB 0x000000041e800000| Untracked 
|  53|0x000000041f000000, 0x000000041f000000, 0x000000041f800000|  0%| F|  |TAMS 0x000000041f000000| PB 0x000000041f000000| Untracked 
|  54|0x000000041f800000, 0x000000041f800000, 0x0000000420000000|  0%| F|  |TAMS 0x000000041f800000| PB 0x000000041f800000| Untracked 
|  55|0x0000000420000000, 0x0000000420000000, 0x0000000420800000|  0%| F|  |TAMS 0x0000000420000000| PB 0x0000000420000000| Untracked 
|  56|0x0000000420800000, 0x0000000420800000, 0x0000000421000000|  0%| F|  |TAMS 0x0000000420800000| PB 0x0000000420800000| Untracked 
|  57|0x0000000421000000, 0x0000000421000000, 0x0000000421800000|  0%| F|  |TAMS 0x0000000421000000| PB 0x0000000421000000| Untracked 
|  58|0x0000000421800000, 0x0000000421800000, 0x0000000422000000|  0%| F|  |TAMS 0x0000000421800000| PB 0x0000000421800000| Untracked 
|  59|0x0000000422000000, 0x0000000422000000, 0x0000000422800000|  0%| F|  |TAMS 0x0000000422000000| PB 0x0000000422000000| Untracked 
|  60|0x0000000422800000, 0x0000000422800000, 0x0000000423000000|  0%| F|  |TAMS 0x0000000422800000| PB 0x0000000422800000| Untracked 
|  61|0x0000000423000000, 0x0000000423000000, 0x0000000423800000|  0%| F|  |TAMS 0x0000000423000000| PB 0x0000000423000000| Untracked 
|  62|0x0000000423800000, 0x0000000423800000, 0x0000000424000000|  0%| F|  |TAMS 0x0000000423800000| PB 0x0000000423800000| Untracked 
|  63|0x0000000424000000, 0x0000000424000000, 0x0000000424800000|  0%| F|  |TAMS 0x0000000424000000| PB 0x0000000424000000| Untracked 
|  64|0x0000000424800000, 0x0000000424800000, 0x0000000425000000|  0%| F|  |TAMS 0x0000000424800000| PB 0x0000000424800000| Untracked 
|  65|0x0000000425000000, 0x0000000425000000, 0x0000000425800000|  0%| F|  |TAMS 0x0000000425000000| PB 0x0000000425000000| Untracked 
|  66|0x0000000425800000, 0x0000000425800000, 0x0000000426000000|  0%| F|  |TAMS 0x0000000425800000| PB 0x0000000425800000| Untracked 
|  67|0x0000000426000000, 0x0000000426000000, 0x0000000426800000|  0%| F|  |TAMS 0x0000000426000000| PB 0x0000000426000000| Untracked 
|  68|0x0000000426800000, 0x0000000426ecb990, 0x0000000427000000| 84%| E|  |TAMS 0x0000000426800000| PB 0x0000000426800000| Complete 
| 122|0x0000000441800000, 0x0000000442000000, 0x0000000442000000|100%| E|CS|TAMS 0x0000000441800000| PB 0x0000000441800000| Complete 
| 127|0x0000000444000000, 0x0000000444800000, 0x0000000444800000|100%| E|CS|TAMS 0x0000000444000000| PB 0x0000000444000000| Complete 

Card table byte_map: [0x00000233ab550000,0x00000233ad530000] _byte_map_base: 0x00000233a952c000

Marking Bits: (CMBitMap*) 0x00000233a23e8fd0
 Bits: [0x00000233ad530000, 0x00000233bd410000)

Polling page: 0x00000233a01a0000

Metaspace:

Usage:
  Non-class:     66.78 MB used.
      Class:     11.36 MB used.
       Both:     78.14 MB used.

Virtual space:
  Non-class space:      128.00 MB reserved,      67.25 MB ( 53%) committed,  2 nodes.
      Class space:        1.00 GB reserved,      11.69 MB (  1%) committed,  1 nodes.
             Both:        1.12 GB reserved,      78.94 MB (  7%) committed. 

Chunk freelists:
   Non-Class:  12.30 MB
       Class:  4.27 MB
        Both:  16.57 MB

MaxMetaspaceSize: unlimited
CompressedClassSpaceSize: 1.00 GB
Initial GC threshold: 21.00 MB
Current GC threshold: 102.31 MB
CDS: on
 - commit_granule_bytes: 65536.
 - commit_granule_words: 8192.
 - virtual_space_node_default_size: 8388608.
 - enlarge_chunks_in_place: 1.
 - use_allocation_guard: 0.


Internal statistics:

num_allocs_failed_limit: 12.
num_arena_births: 1246.
num_arena_deaths: 0.
num_vsnodes_births: 3.
num_vsnodes_deaths: 0.
num_space_committed: 1263.
num_space_uncommitted: 0.
num_chunks_returned_to_freelist: 12.
num_chunks_taken_from_freelist: 4083.
num_chunk_merges: 12.
num_chunk_splits: 3004.
num_chunks_enlarged: 2346.
num_inconsistent_stats: 0.

CodeCache: size=49152Kb used=16716Kb max_used=18357Kb free=32436Kb
 bounds [0x00000233a5cd0000, 0x00000233a6ef0000, 0x00000233a8cd0000]
 total_blobs=10057, nmethods=9332, adapters=647, full_count=0
Compilation: enabled, stopped_count=0, restarted_count=0

Compilation events (20 events):
Event: 1440.774 Thread 0x00000233c07b66d0 9935       1       sun.net.ext.ExtendedSocketOptions::options (5 bytes)
Event: 1440.774 Thread 0x00000233c07b66d0 nmethod 9935 0x00000233a6e78510 code [0x00000233a6e786a0, 0x00000233a6e78770]
Event: 1440.774 Thread 0x00000233c07b66d0 9936       1       sun.nio.ch.OptionKey::level (5 bytes)
Event: 1440.774 Thread 0x00000233c07b66d0 nmethod 9936 0x00000233a6e78210 code [0x00000233a6e783a0, 0x00000233a6e78468]
Event: 1440.774 Thread 0x00000233c07b66d0 9937       1       sun.nio.ch.OptionKey::name (5 bytes)
Event: 1440.774 Thread 0x00000233c07b66d0 nmethod 9937 0x00000233a6e77f10 code [0x00000233a6e780a0, 0x00000233a6e78168]
Event: 1500.559 Thread 0x00000233c07b66d0 9938   !   1       java.io.ObjectInputStream$BlockDataInputStream::readUTFSpan (502 bytes)
Event: 1500.561 Thread 0x00000233c07b66d0 nmethod 9938 0x00000233a6e76710 code [0x00000233a6e769a0, 0x00000233a6e77430]
Event: 1500.561 Thread 0x00000233c07b66d0 9940       1       java.io.ObjectOutputStream::writeUTF (9 bytes)
Event: 1500.561 Thread 0x00000233c07b66d0 nmethod 9940 0x00000233a6e76310 code [0x00000233a6e764c0, 0x00000233a6e765f8]
Event: 1500.561 Thread 0x00000233c07b66d0 9941       1       java.io.ObjectOutputStream$BlockDataOutputStream::writeUTF (11 bytes)
Event: 1500.561 Thread 0x00000233c07b66d0 nmethod 9941 0x00000233a6e75f90 code [0x00000233a6e76140, 0x00000233a6e76268]
Event: 1500.561 Thread 0x00000233c07b66d0 9939       1       java.io.ObjectStreamClass::hasWriteObjectMethod (17 bytes)
Event: 1500.562 Thread 0x00000233c07b66d0 nmethod 9939 0x00000233a6e75b90 code [0x00000233a6e75d40, 0x00000233a6e75ed0]
Event: 1500.562 Thread 0x00000233c07b66d0 9942       1       java.io.ObjectStreamClass::isRecord (9 bytes)
Event: 1500.562 Thread 0x00000233c07b66d0 nmethod 9942 0x00000233a6e75790 code [0x00000233a6e75940, 0x00000233a6e75ac0]
Event: 1500.562 Thread 0x00000233c07b66d0 9943       1       java.io.ObjectStreamClass::isExternalizable (9 bytes)
Event: 1500.562 Thread 0x00000233c07b66d0 nmethod 9943 0x00000233a6e75390 code [0x00000233a6e75540, 0x00000233a6e756c0]
Event: 1500.562 Thread 0x00000233c07b66d0 9944       1       java.io.ObjectStreamClass::getClassDataLayout (20 bytes)
Event: 1500.562 Thread 0x00000233c07b66d0 nmethod 9944 0x00000233a6e75010 code [0x00000233a6e751c0, 0x00000233a6e75320]

GC Heap History (20 events):
Event: 1.025 GC heap before
{Heap before GC invocations=7 (full 0):
 garbage-first heap   total 81920K, used 56456K [0x0000000404800000, 0x0000000800000000)
  region size 8192K, 6 young (49152K), 1 survivors (8192K)
 Metaspace       used 24529K, committed 24896K, reserved 1114112K
  class space    used 3259K, committed 3456K, reserved 1048576K
}
Event: 1.028 GC heap after
{Heap after GC invocations=8 (full 0):
 garbage-first heap   total 565248K, used 17522K [0x0000000404800000, 0x0000000800000000)
  region size 8192K, 1 young (8192K), 1 survivors (8192K)
 Metaspace       used 24529K, committed 24896K, reserved 1114112K
  class space    used 3259K, committed 3456K, reserved 1048576K
}
Event: 1.877 GC heap before
{Heap before GC invocations=8 (full 0):
 garbage-first heap   total 565248K, used 164978K [0x0000000404800000, 0x0000000800000000)
  region size 8192K, 21 young (172032K), 1 survivors (8192K)
 Metaspace       used 36498K, committed 37120K, reserved 1114112K
  class space    used 4998K, committed 5312K, reserved 1048576K
}
Event: 1.882 GC heap after
{Heap after GC invocations=9 (full 0):
 garbage-first heap   total 565248K, used 23585K [0x0000000404800000, 0x0000000800000000)
  region size 8192K, 2 young (16384K), 2 survivors (16384K)
 Metaspace       used 36498K, committed 37120K, reserved 1114112K
  class space    used 4998K, committed 5312K, reserved 1048576K
}
Event: 1.897 GC heap before
{Heap before GC invocations=9 (full 0):
 garbage-first heap   total 565248K, used 23585K [0x0000000404800000, 0x0000000800000000)
  region size 8192K, 3 young (24576K), 2 survivors (16384K)
 Metaspace       used 36829K, committed 37440K, reserved 1114112K
  class space    used 5051K, committed 5312K, reserved 1048576K
}
Event: 1.900 GC heap after
{Heap after GC invocations=10 (full 0):
 garbage-first heap   total 565248K, used 23696K [0x0000000404800000, 0x0000000800000000)
  region size 8192K, 2 young (16384K), 2 survivors (16384K)
 Metaspace       used 36829K, committed 37440K, reserved 1114112K
  class space    used 5051K, committed 5312K, reserved 1048576K
}
Event: 2.138 GC heap before
{Heap before GC invocations=11 (full 0):
 garbage-first heap   total 114688K, used 72848K [0x0000000404800000, 0x0000000800000000)
  region size 8192K, 8 young (65536K), 2 survivors (16384K)
 Metaspace       used 41671K, committed 42304K, reserved 1114112K
  class space    used 5807K, committed 6080K, reserved 1048576K
}
Event: 2.142 GC heap after
{Heap after GC invocations=12 (full 0):
 garbage-first heap   total 114688K, used 25039K [0x0000000404800000, 0x0000000800000000)
  region size 8192K, 1 young (8192K), 1 survivors (8192K)
 Metaspace       used 41671K, committed 42304K, reserved 1114112K
  class space    used 5807K, committed 6080K, reserved 1048576K
}
Event: 2.409 GC heap before
{Heap before GC invocations=12 (full 0):
 garbage-first heap   total 114688K, used 82383K [0x0000000404800000, 0x0000000800000000)
  region size 8192K, 8 young (65536K), 1 survivors (8192K)
 Metaspace       used 47150K, committed 47744K, reserved 1114112K
  class space    used 6517K, committed 6784K, reserved 1048576K
}
Event: 2.411 GC heap after
{Heap after GC invocations=13 (full 0):
 garbage-first heap   total 114688K, used 25885K [0x0000000404800000, 0x0000000800000000)
  region size 8192K, 1 young (8192K), 1 survivors (8192K)
 Metaspace       used 47150K, committed 47744K, reserved 1114112K
  class space    used 6517K, committed 6784K, reserved 1048576K
}
Event: 2.658 GC heap before
{Heap before GC invocations=13 (full 0):
 garbage-first heap   total 114688K, used 83229K [0x0000000404800000, 0x0000000800000000)
  region size 8192K, 8 young (65536K), 1 survivors (8192K)
 Metaspace       used 53476K, committed 54144K, reserved 1114112K
  class space    used 7412K, committed 7680K, reserved 1048576K
}
Event: 2.659 GC heap after
{Heap after GC invocations=14 (full 0):
 garbage-first heap   total 114688K, used 27338K [0x0000000404800000, 0x0000000800000000)
  region size 8192K, 1 young (8192K), 1 survivors (8192K)
 Metaspace       used 53476K, committed 54144K, reserved 1114112K
  class space    used 7412K, committed 7680K, reserved 1048576K
}
Event: 2.940 GC heap before
{Heap before GC invocations=14 (full 0):
 garbage-first heap   total 114688K, used 84682K [0x0000000404800000, 0x0000000800000000)
  region size 8192K, 8 young (65536K), 1 survivors (8192K)
 Metaspace       used 57798K, committed 58432K, reserved 1114112K
  class space    used 8168K, committed 8448K, reserved 1048576K
}
Event: 2.942 GC heap after
{Heap after GC invocations=15 (full 0):
 garbage-first heap   total 114688K, used 28065K [0x0000000404800000, 0x0000000800000000)
  region size 8192K, 1 young (8192K), 1 survivors (8192K)
 Metaspace       used 57798K, committed 58432K, reserved 1114112K
  class space    used 8168K, committed 8448K, reserved 1048576K
}
Event: 3.299 GC heap before
{Heap before GC invocations=15 (full 0):
 garbage-first heap   total 114688K, used 77217K [0x0000000404800000, 0x0000000800000000)
  region size 8192K, 8 young (65536K), 1 survivors (8192K)
 Metaspace       used 62004K, committed 62656K, reserved 1114112K
  class space    used 8759K, committed 9024K, reserved 1048576K
}
Event: 3.303 GC heap after
{Heap after GC invocations=16 (full 0):
 garbage-first heap   total 114688K, used 30618K [0x0000000404800000, 0x0000000800000000)
  region size 8192K, 1 young (8192K), 1 survivors (8192K)
 Metaspace       used 62004K, committed 62656K, reserved 1114112K
  class space    used 8759K, committed 9024K, reserved 1048576K
}
Event: 3.556 GC heap before
{Heap before GC invocations=17 (full 0):
 garbage-first heap   total 114688K, used 87962K [0x0000000404800000, 0x0000000800000000)
  region size 8192K, 8 young (65536K), 1 survivors (8192K)
 Metaspace       used 65187K, committed 65920K, reserved 1114112K
  class space    used 9491K, committed 9792K, reserved 1048576K
}
Event: 3.560 GC heap after
{Heap after GC invocations=18 (full 0):
 garbage-first heap   total 581632K, used 34368K [0x0000000404800000, 0x0000000800000000)
  region size 8192K, 1 young (8192K), 1 survivors (8192K)
 Metaspace       used 65187K, committed 65920K, reserved 1114112K
  class space    used 9491K, committed 9792K, reserved 1048576K
}
Event: 324.318 GC heap before
{Heap before GC invocations=18 (full 0):
 garbage-first heap   total 581632K, used 370240K [0x0000000404800000, 0x0000000800000000)
  region size 8192K, 42 young (344064K), 1 survivors (8192K)
 Metaspace       used 79828K, committed 80576K, reserved 1179648K
  class space    used 11589K, committed 11904K, reserved 1048576K
}
Event: 324.342 GC heap after
{Heap after GC invocations=19 (full 0):
 garbage-first heap   total 581632K, used 43143K [0x0000000404800000, 0x0000000800000000)
  region size 8192K, 3 young (24576K), 3 survivors (24576K)
 Metaspace       used 79828K, committed 80576K, reserved 1179648K
  class space    used 11589K, committed 11904K, reserved 1048576K
}

Dll operation events (12 events):
Event: 0.005 Loaded shared library C:\sts-4.32.1\plugins\org.eclipse.justj.openjdk.hotspot.jre.full.win32.x86_64_21.0.8.v20250724-1412\jre\bin\java.dll
Event: 0.021 Loaded shared library C:\sts-4.32.1\plugins\org.eclipse.justj.openjdk.hotspot.jre.full.win32.x86_64_21.0.8.v20250724-1412\jre\bin\zip.dll
Event: 0.102 Loaded shared library C:\sts-4.32.1\plugins\org.eclipse.justj.openjdk.hotspot.jre.full.win32.x86_64_21.0.8.v20250724-1412\jre\bin\instrument.dll
Event: 0.104 Loaded shared library C:\sts-4.32.1\plugins\org.eclipse.justj.openjdk.hotspot.jre.full.win32.x86_64_21.0.8.v20250724-1412\jre\bin\net.dll
Event: 0.105 Loaded shared library C:\sts-4.32.1\plugins\org.eclipse.justj.openjdk.hotspot.jre.full.win32.x86_64_21.0.8.v20250724-1412\jre\bin\nio.dll
Event: 0.107 Loaded shared library C:\sts-4.32.1\plugins\org.eclipse.justj.openjdk.hotspot.jre.full.win32.x86_64_21.0.8.v20250724-1412\jre\bin\zip.dll
Event: 0.189 Loaded shared library C:\sts-4.32.1\plugins\org.eclipse.justj.openjdk.hotspot.jre.full.win32.x86_64_21.0.8.v20250724-1412\jre\bin\jimage.dll
Event: 0.214 Loaded shared library C:\sts-4.32.1\plugins\org.eclipse.justj.openjdk.hotspot.jre.full.win32.x86_64_21.0.8.v20250724-1412\jre\bin\management.dll
Event: 0.220 Loaded shared library C:\sts-4.32.1\plugins\org.eclipse.justj.openjdk.hotspot.jre.full.win32.x86_64_21.0.8.v20250724-1412\jre\bin\management_ext.dll
Event: 0.334 Loaded shared library C:\sts-4.32.1\plugins\org.eclipse.justj.openjdk.hotspot.jre.full.win32.x86_64_21.0.8.v20250724-1412\jre\bin\extnet.dll
Event: 0.348 Loaded shared library C:\sts-4.32.1\plugins\org.eclipse.justj.openjdk.hotspot.jre.full.win32.x86_64_21.0.8.v20250724-1412\jre\bin\verify.dll
Event: 1.018 Loaded shared library C:\sts-4.32.1\plugins\org.eclipse.justj.openjdk.hotspot.jre.full.win32.x86_64_21.0.8.v20250724-1412\jre\bin\sunmscapi.dll

Deoptimization events (20 events):
Event: 1298.652 Thread 0x00000234069ea130 DEOPT PACKING pc=0x00000233a5fd973c sp=0x0000005b9f5fe260
Event: 1298.652 Thread 0x00000234069ea130 DEOPT UNPACKING pc=0x00000233a5d24e42 sp=0x0000005b9f5fd828 mode 0
Event: 1298.652 Thread 0x00000234069ea130 DEOPT PACKING pc=0x00000233a5fd48a4 sp=0x0000005b9f5fe410
Event: 1298.652 Thread 0x00000234069ea130 DEOPT UNPACKING pc=0x00000233a5d24e42 sp=0x0000005b9f5fd8b8 mode 0
Event: 1298.652 Thread 0x00000234069ea130 DEOPT PACKING pc=0x00000233a6025ac4 sp=0x0000005b9f5fe510
Event: 1298.652 Thread 0x00000234069ea130 DEOPT UNPACKING pc=0x00000233a5d24e42 sp=0x0000005b9f5fdaf0 mode 0
Event: 1298.652 Thread 0x00000234069ea130 DEOPT PACKING pc=0x00000233a5fd973c sp=0x0000005b9f5fe6d0
Event: 1298.652 Thread 0x00000234069ea130 DEOPT UNPACKING pc=0x00000233a5d24e42 sp=0x0000005b9f5fdc98 mode 0
Event: 1298.652 Thread 0x00000234069ea130 DEOPT PACKING pc=0x00000233a5fd48a4 sp=0x0000005b9f5fe880
Event: 1298.652 Thread 0x00000234069ea130 DEOPT UNPACKING pc=0x00000233a5d24e42 sp=0x0000005b9f5fdd28 mode 0
Event: 1298.652 Thread 0x00000234069ea130 DEOPT PACKING pc=0x00000233a6025ac4 sp=0x0000005b9f5fe980
Event: 1298.652 Thread 0x00000234069ea130 DEOPT UNPACKING pc=0x00000233a5d24e42 sp=0x0000005b9f5fdf60 mode 0
Event: 1298.652 Thread 0x00000234069ea130 DEOPT PACKING pc=0x00000233a5fd973c sp=0x0000005b9f5feb40
Event: 1298.652 Thread 0x00000234069ea130 DEOPT UNPACKING pc=0x00000233a5d24e42 sp=0x0000005b9f5fe108 mode 0
Event: 1298.652 Thread 0x00000234069ea130 DEOPT PACKING pc=0x00000233a5fd48a4 sp=0x0000005b9f5fecf0
Event: 1298.652 Thread 0x00000234069ea130 DEOPT UNPACKING pc=0x00000233a5d24e42 sp=0x0000005b9f5fe198 mode 0
Event: 1298.653 Thread 0x00000234096c02a0 DEOPT PACKING pc=0x00000233a6ee141c sp=0x0000005b9f7fed40
Event: 1298.653 Thread 0x00000234096c02a0 DEOPT UNPACKING pc=0x00000233a5d24e42 sp=0x0000005b9f7fe398 mode 1
Event: 1539.514 Thread 0x00000234069e79d0 DEOPT PACKING pc=0x00000233a6a12fb4 sp=0x0000005b9eff9920
Event: 1539.514 Thread 0x00000234069e79d0 DEOPT UNPACKING pc=0x00000233a5d24e42 sp=0x0000005b9eff8dc8 mode 0

Classes loaded (20 events):
Event: 88.019 Loading class java/util/concurrent/locks/ReentrantReadWriteLock$Sync$HoldCounter
Event: 88.019 Loading class java/util/concurrent/locks/ReentrantReadWriteLock$Sync$HoldCounter done
Event: 88.038 Loading class java/util/ArrayList$SubList$2
Event: 88.038 Loading class java/util/ArrayList$SubList$2 done
Event: 97.565 Loading class org/w3c/dom/Node
Event: 97.565 Loading class org/w3c/dom/Node done
Event: 97.565 Loading class org/w3c/dom/Document
Event: 97.565 Loading class org/w3c/dom/Document done
Event: 264.972 Loading class java/io/PushbackInputStream
Event: 264.972 Loading class java/io/PushbackInputStream done
Event: 265.013 Loading class java/time/format/DateTimeParseContext
Event: 265.013 Loading class java/time/format/DateTimeParseContext done
Event: 265.013 Loading class java/time/format/Parsed
Event: 265.013 Loading class java/time/format/Parsed done
Event: 286.970 Loading class java/time/temporal/TemporalAdjusters
Event: 286.970 Loading class java/time/temporal/TemporalAdjusters done
Event: 1310.855 Loading class java/lang/invoke/BoundMethodHandle$Species_LLLLLLLLLL
Event: 1310.855 Loading class java/lang/invoke/BoundMethodHandle$Species_LLLLLLLLLL done
Event: 1310.863 Loading class java/lang/invoke/BoundMethodHandle$Species_LLLLLLLLLLL
Event: 1310.863 Loading class java/lang/invoke/BoundMethodHandle$Species_LLLLLLLLLLL done

Classes unloaded (0 events):
No events

Classes redefined (2 events):
Event: 1294.821 Thread 0x000002339ff0d5a0 redefined class name=com.pmtool.backend.DTO.EmployeeResponseDTO, count=1
Event: 1539.530 Thread 0x000002339ff0d5a0 redefined class name=com.pmtool.backend.services.EmployeeService, count=1

Internal exceptions (20 events):
Event: 4.500 Thread 0x00000233a233dbf0 Exception <a 'java/lang/NoSuchMethodError'{0x0000000419558070}: 'java.lang.Object java.lang.invoke.DirectMethodHandle$Holder.invokeSpecial(java.lang.Object, java.lang.Object, java.lang.Object, int, java.lang.Object, int)'> (0x0000000419558070) 
thrown [s\src\hotspot\share\interpreter\linkResolver.cpp, line 773]
Event: 87.680 Thread 0x00000234069e79d0 Exception <a 'java/lang/NoSuchMethodError'{0x0000000418369428}: 'java.lang.Object java.lang.invoke.DirectMethodHandle$Holder.invokeSpecial(java.lang.Object, java.lang.Object, java.lang.Object, java.lang.Object, java.lang.Object, long)'> (0x0000000418369428) 
thrown [s\src\hotspot\share\interpreter\linkResolver.cpp, line 773]
Event: 87.681 Thread 0x00000234069e79d0 Exception <a 'java/lang/NoSuchMethodError'{0x000000041836cc08}: 'java.lang.Object java.lang.invoke.Invokers$Holder.linkToTargetMethod(java.lang.Object, java.lang.Object, java.lang.Object, long, java.lang.Object)'> (0x000000041836cc08) 
thrown [s\src\hotspot\share\interpreter\linkResolver.cpp, line 773]
Event: 87.851 Thread 0x00000234069e79d0 Exception <a 'java/lang/NoSuchMethodError'{0x0000000416825d70}: 'void java.lang.invoke.DirectMethodHandle$Holder.invokeSpecialIFC(java.lang.Object, java.lang.Object, int, java.lang.Object, java.lang.Object, java.lang.Object, java.lang.Object)'> (0x0000000416825d70) 
thrown [s\src\hotspot\share\interpreter\linkResolver.cpp, line 773]
Event: 88.035 Thread 0x00000234069e8060 Exception <a 'java/lang/NoSuchMethodError'{0x00000004197efcb0}: 'java.lang.Object java.lang.invoke.DirectMethodHandle$Holder.invokeStatic(java.lang.Object, int, int)'> (0x00000004197efcb0) 
thrown [s\src\hotspot\share\interpreter\linkResolver.cpp, line 773]
Event: 88.036 Thread 0x00000234069e9410 Exception <a 'java/lang/NoSuchMethodError'{0x00000004189a2b30}: 'java.lang.Object java.lang.invoke.DirectMethodHandle$Holder.invokeStatic(java.lang.Object, int, int)'> (0x00000004189a2b30) 
thrown [s\src\hotspot\share\interpreter\linkResolver.cpp, line 773]
Event: 88.036 Thread 0x00000234069e8d80 Exception <a 'java/lang/NoSuchMethodError'{0x00000004188e7e18}: 'java.lang.Object java.lang.invoke.DirectMethodHandle$Holder.invokeStatic(java.lang.Object, int, int)'> (0x00000004188e7e18) 
thrown [s\src\hotspot\share\interpreter\linkResolver.cpp, line 773]
Event: 88.036 Thread 0x00000234069ea130 Exception <a 'java/lang/NoSuchMethodError'{0x0000000418a5d158}: 'java.lang.Object java.lang.invoke.DirectMethodHandle$Holder.invokeStatic(java.lang.Object, int, int)'> (0x0000000418a5d158) 
thrown [s\src\hotspot\share\interpreter\linkResolver.cpp, line 773]
Event: 88.037 Thread 0x00000234069e5270 Exception <a 'java/lang/NoSuchMethodError'{0x000000041882d2c0}: 'java.lang.Object java.lang.invoke.DirectMethodHandle$Holder.invokeStatic(java.lang.Object, int, int)'> (0x000000041882d2c0) 
thrown [s\src\hotspot\share\interpreter\linkResolver.cpp, line 773]
Event: 88.037 Thread 0x00000234069e86f0 Exception <a 'java/lang/NoSuchMethodError'{0x000000041970a000}: 'java.lang.Object java.lang.invoke.DirectMethodHandle$Holder.invokeStatic(java.lang.Object, int, int)'> (0x000000041970a000) 
thrown [s\src\hotspot\share\interpreter\linkResolver.cpp, line 773]
Event: 97.589 Thread 0x00000234069e8060 Exception <a 'java/lang/IncompatibleClassChangeError'{0x000000041673e3b8}: Found class java.lang.Object, but interface was expected> (0x000000041673e3b8) 
thrown [s\src\hotspot\share\interpreter\linkResolver.cpp, line 840]
Event: 265.049 Thread 0x00000234069e9aa0 Exception <a 'java/lang/NoSuchMethodError'{0x00000004143a5f30}: 'int java.lang.invoke.DirectMethodHandle$Holder.invokeStatic(java.lang.Object, java.lang.Object, int, java.lang.Object)'> (0x00000004143a5f30) 
thrown [s\src\hotspot\share\interpreter\linkResolver.cpp, line 773]
Event: 1144.377 Thread 0x00000234069ea130 Exception <a 'java/lang/StackOverflowError'{0x0000000441ce2e88}> (0x0000000441ce2e88) 
thrown [s\src\hotspot\share\interpreter\interpreterRuntime.cpp, line 378]
Event: 1158.537 Thread 0x00000234069ea130 Exception <a 'java/lang/StackOverflowError'{0x0000000441e53d80}> (0x0000000441e53d80) 
thrown [s\src\hotspot\share\interpreter\interpreterRuntime.cpp, line 378]
Event: 1168.876 Thread 0x00000234069ea130 Exception <a 'java/lang/StackOverflowError'{0x0000000441fc4cb8}> (0x0000000441fc4cb8) 
thrown [s\src\hotspot\share\interpreter\interpreterRuntime.cpp, line 378]
Event: 1195.823 Thread 0x00000234069ea130 Exception <a 'java/lang/StackOverflowError'{0x000000042693f1d0}> (0x000000042693f1d0) 
thrown [s\src\hotspot\share\interpreter\interpreterRuntime.cpp, line 378]
Event: 1248.420 Thread 0x00000234069ea130 Exception <a 'java/lang/StackOverflowError'{0x0000000426ab00b0}> (0x0000000426ab00b0) 
thrown [s\src\hotspot\share\interpreter\interpreterRuntime.cpp, line 378]
Event: 1310.860 Thread 0x00000234069e79d0 Exception <a 'java/lang/NoSuchMethodError'{0x0000000441906400}: 'java.lang.Object java.lang.invoke.DirectMethodHandle$Holder.invokeStatic(java.lang.Object, java.lang.Object, java.lang.Object, java.lang.Object, java.lang.Object, java.lang.Object, java.lang.Object, java.lang.Object, java.lang.Object, java.lang.Object, java.lang.Object, java.lang.Object, java.lang.Object)'> (0x0000000441906400) 
thrown [s\src\hotspot\share\interpreter\linkResolver.cpp, line 773]
Event: 1310.868 Thread 0x00000234069e79d0 Exception <a 'java/lang/NoSuchMethodError'{0x0000000426e1a910}: 'java.lang.Object java.lang.invoke.DirectMethodHandle$Holder.invokeStatic(java.lang.Object, java.lang.Object, java.lang.Object, java.lang.Object, java.lang.Object, java.lang.Object, java.lang.Object, java.lang.Object, java.lang.Object, java.lang.Object, java.lang.Object, java.lang.Object, java.lang.Object, java.lang.Object)'> (0x0000000426e1a910) 
thrown [s\src\hotspot\share\interpreter\linkResolver.cpp, line 773]
Event: 1310.873 Thread 0x00000234069e79d0 Exception <a 'java/lang/NoSuchMethodError'{0x0000000426e2eb60}: 'java.lang.Object java.lang.invoke.Invokers$Holder.linkToTargetMethod(java.lang.Object, java.lang.Object, java.lang.Object, java.lang.Object, java.lang.Object, java.lang.Object, java.lang.Object, java.lang.Object, java.lang.Object, java.lang.Object, java.lang.Object, java.lang.Object, java.lang.Object, java.lang.Object, java.lang.Object, java.lang.Object)'> (0x0000000426e2eb60) 
thrown [s\src\hotspot\share\interpreter\linkResolver.cpp, line 77

ZGC Phase Switch (0 events):
No events

VM Operations (20 events):
Event: 1498.949 Executing VM operation: get/set locals
Event: 1498.949 Executing VM operation: get/set locals done
Event: 1498.950 Executing VM operation: get/set locals
Event: 1498.950 Executing VM operation: get/set locals done
Event: 1498.950 Executing VM operation: get/set locals
Event: 1498.950 Executing VM operation: get/set locals done
Event: 1498.950 Executing VM operation: get/set locals
Event: 1498.950 Executing VM operation: get/set locals done
Event: 1498.988 Executing VM operation: get/set locals
Event: 1498.988 Executing VM operation: get/set locals done
Event: 1539.513 Executing VM operation: ChangeSingleStep
Event: 1539.513 Executing VM operation: ChangeSingleStep done
Event: 1539.514 Executing VM operation: ChangeSingleStep
Event: 1539.514 Executing VM operation: ChangeSingleStep done
Event: 1539.523 Executing VM operation: RedefineClasses
Event: 1539.545 Executing VM operation: RedefineClasses done
Event: 1539.554 Executing VM operation: ChangeBreakpoints
Event: 1539.556 Executing VM operation: ChangeBreakpoints done
Event: 1539.611 Executing VM operation: ChangeSingleStep
Event: 1539.611 Executing VM operation: ChangeSingleStep done

Memory protections (0 events):
No events

Nmethod flushes (20 events):
Event: 3.315 Thread 0x000002339ff0d5a0 flushing  nmethod 0x00000233a6366a90
Event: 3.315 Thread 0x000002339ff0d5a0 flushing  nmethod 0x00000233a6367490
Event: 3.315 Thread 0x000002339ff0d5a0 flushing  nmethod 0x00000233a63b0590
Event: 3.315 Thread 0x000002339ff0d5a0 flushing  nmethod 0x00000233a63b2810
Event: 3.315 Thread 0x000002339ff0d5a0 flushing  nmethod 0x00000233a63b2e90
Event: 3.315 Thread 0x000002339ff0d5a0 flushing  nmethod 0x00000233a63b3190
Event: 3.315 Thread 0x000002339ff0d5a0 flushing  nmethod 0x00000233a63b3490
Event: 3.315 Thread 0x000002339ff0d5a0 flushing  nmethod 0x00000233a63b3790
Event: 3.315 Thread 0x000002339ff0d5a0 flushing  nmethod 0x00000233a63b3a90
Event: 3.315 Thread 0x000002339ff0d5a0 flushing  nmethod 0x00000233a63b3d90
Event: 3.315 Thread 0x000002339ff0d5a0 flushing  nmethod 0x00000233a63d4290
Event: 3.315 Thread 0x000002339ff0d5a0 flushing  nmethod 0x00000233a63d4910
Event: 3.315 Thread 0x000002339ff0d5a0 flushing  nmethod 0x00000233a63d4c90
Event: 3.315 Thread 0x000002339ff0d5a0 flushing  nmethod 0x00000233a63d7010
Event: 3.315 Thread 0x000002339ff0d5a0 flushing  nmethod 0x00000233a63f4e10
Event: 3.315 Thread 0x000002339ff0d5a0 flushing  nmethod 0x00000233a63f5110
Event: 3.315 Thread 0x000002339ff0d5a0 flushing  nmethod 0x00000233a63f5b10
Event: 3.315 Thread 0x000002339ff0d5a0 flushing  nmethod 0x00000233a6612290
Event: 3.315 Thread 0x000002339ff0d5a0 flushing  nmethod 0x00000233a6667610
Event: 3.315 Thread 0x000002339ff0d5a0 flushing  nmethod 0x00000233a66e2a10

Events (20 events):
Event: 290.955 Thread 0x00000233c07b66d0 Thread added: 0x000002340614ad90
Event: 290.955 Thread 0x00000233c07b66d0 Thread added: 0x00000234072ba030
Event: 295.980 Thread 0x00000234072ba030 Thread exited: 0x00000234072ba030
Event: 295.980 Thread 0x000002340614ad90 Thread exited: 0x000002340614ad90
Event: 300.522 Thread 0x0000023406787750 Thread exited: 0x0000023406787750
Event: 300.522 Thread 0x00000234067840f0 Thread exited: 0x00000234067840f0
Event: 312.836 Thread 0x00000233c07b66d0 Thread added: 0x00000234067840f0
Event: 317.868 Thread 0x00000234067840f0 Thread exited: 0x00000234067840f0
Event: 324.302 Thread 0x00000233c07b66d0 Thread added: 0x00000234067840f0
Event: 326.076 Thread 0x00000234067840f0 Thread added: 0x000002340652a6c0
Event: 326.076 Thread 0x00000234067840f0 Thread added: 0x00000234074913a0
Event: 331.106 Thread 0x00000234074913a0 Thread exited: 0x00000234074913a0
Event: 331.107 Thread 0x000002340652a6c0 Thread exited: 0x000002340652a6c0
Event: 331.107 Thread 0x00000234067840f0 Thread exited: 0x00000234067840f0
Event: 1000.872 Thread 0x00000233c07b66d0 Thread added: 0x0000023407496d00
Event: 1000.875 Thread 0x0000023407496d00 Thread added: 0x0000023407497bb0
Event: 1000.890 Thread 0x0000023407496d00 Thread added: 0x00000234071df2b0
Event: 1005.893 Thread 0x00000234071df2b0 Thread exited: 0x00000234071df2b0
Event: 1005.893 Thread 0x0000023407497bb0 Thread exited: 0x0000023407497bb0
Event: 1010.895 Thread 0x0000023407496d00 Thread exited: 0x0000023407496d00


Dynamic libraries:
0x00007ff640780000 - 0x00007ff64078e000 	C:\sts-4.32.1\plugins\org.eclipse.justj.openjdk.hotspot.jre.full.win32.x86_64_21.0.8.v20250724-1412\jre\bin\javaw.exe
0x00007ffbd5840000 - 0x00007ffbd5aa8000 	C:\WINDOWS\SYSTEM32\ntdll.dll
0x00007ffbd4c40000 - 0x00007ffbd4d09000 	C:\WINDOWS\System32\KERNEL32.DLL
0x00007ffbd31e0000 - 0x00007ffbd35d8000 	C:\WINDOWS\System32\KERNELBASE.dll
0x00007ffbd2dd0000 - 0x00007ffbd2f1b000 	C:\WINDOWS\System32\ucrtbase.dll
0x00007ffb4bc50000 - 0x00007ffb4bc68000 	C:\sts-4.32.1\plugins\org.eclipse.justj.openjdk.hotspot.jre.full.win32.x86_64_21.0.8.v20250724-1412\jre\bin\jli.dll
0x00007ffbc0380000 - 0x00007ffbc039e000 	C:\sts-4.32.1\plugins\org.eclipse.justj.openjdk.hotspot.jre.full.win32.x86_64_21.0.8.v20250724-1412\jre\bin\VCRUNTIME140.dll
0x00007ffbd4a70000 - 0x00007ffbd4c37000 	C:\WINDOWS\System32\USER32.dll
0x00007ffbd2a50000 - 0x00007ffbd2a77000 	C:\WINDOWS\System32\win32u.dll
0x00007ffbb9c30000 - 0x00007ffbb9ec4000 	C:\WINDOWS\WinSxS\amd64_microsoft.windows.common-controls_6595b64144ccf1df_6.0.26100.7019_none_3e06ffa0e335b8a8\COMCTL32.dll
0x00007ffbd4810000 - 0x00007ffbd483b000 	C:\WINDOWS\System32\GDI32.dll
0x00007ffbd5180000 - 0x00007ffbd5229000 	C:\WINDOWS\System32\msvcrt.dll
0x00007ffbd2ca0000 - 0x00007ffbd2dcc000 	C:\WINDOWS\System32\gdi32full.dll
0x00007ffbd2bf0000 - 0x00007ffbd2c93000 	C:\WINDOWS\System32\msvcp_win.dll
0x00007ffbd3db0000 - 0x00007ffbd3de1000 	C:\WINDOWS\System32\IMM32.DLL
0x00007ffbcf3b0000 - 0x00007ffbcf3bc000 	C:\sts-4.32.1\plugins\org.eclipse.justj.openjdk.hotspot.jre.full.win32.x86_64_21.0.8.v20250724-1412\jre\bin\vcruntime140_1.dll
0x00007ffb66d60000 - 0x00007ffb66ded000 	C:\sts-4.32.1\plugins\org.eclipse.justj.openjdk.hotspot.jre.full.win32.x86_64_21.0.8.v20250724-1412\jre\bin\msvcp140.dll
0x00007ffb48b70000 - 0x00007ffb49907000 	C:\sts-4.32.1\plugins\org.eclipse.justj.openjdk.hotspot.jre.full.win32.x86_64_21.0.8.v20250724-1412\jre\bin\server\jvm.dll
0x00007ffbd50a0000 - 0x00007ffbd5154000 	C:\WINDOWS\System32\ADVAPI32.dll
0x00007ffbd56b0000 - 0x00007ffbd5756000 	C:\WINDOWS\System32\sechost.dll
0x00007ffbd3c00000 - 0x00007ffbd3d18000 	C:\WINDOWS\System32\RPCRT4.dll
0x00007ffbd4020000 - 0x00007ffbd4094000 	C:\WINDOWS\System32\WS2_32.dll
0x00007ffbcf250000 - 0x00007ffbcf285000 	C:\WINDOWS\SYSTEM32\WINMM.dll
0x00007ffbd2290000 - 0x00007ffbd22ee000 	C:\WINDOWS\SYSTEM32\POWRPROF.dll
0x00007ffbcb400000 - 0x00007ffbcb40b000 	C:\WINDOWS\SYSTEM32\VERSION.dll
0x00007ffbd2270000 - 0x00007ffbd2284000 	C:\WINDOWS\SYSTEM32\UMPDC.dll
0x00007ffbd1750000 - 0x00007ffbd176b000 	C:\WINDOWS\SYSTEM32\kernel.appcore.dll
0x00007ffb5c350000 - 0x00007ffb5c35a000 	C:\sts-4.32.1\plugins\org.eclipse.justj.openjdk.hotspot.jre.full.win32.x86_64_21.0.8.v20250724-1412\jre\bin\jimage.dll
0x00007ffbd0150000 - 0x00007ffbd0392000 	C:\WINDOWS\SYSTEM32\DBGHELP.DLL
0x00007ffbd4d10000 - 0x00007ffbd509b000 	C:\WINDOWS\System32\combase.dll
0x00007ffbd5560000 - 0x00007ffbd5637000 	C:\WINDOWS\System32\OLEAUT32.dll
0x00007ffbb55f0000 - 0x00007ffbb562c000 	C:\WINDOWS\SYSTEM32\dbgcore.DLL
0x00007ffbd3130000 - 0x00007ffbd31d5000 	C:\WINDOWS\System32\bcryptPrimitives.dll
0x00007ffbb51c0000 - 0x00007ffbb51fc000 	C:\sts-4.32.1\plugins\org.eclipse.justj.openjdk.hotspot.jre.full.win32.x86_64_21.0.8.v20250724-1412\jre\bin\jdwp.dll
0x00007ffb4bc90000 - 0x00007ffb4bc9f000 	C:\sts-4.32.1\plugins\org.eclipse.justj.openjdk.hotspot.jre.full.win32.x86_64_21.0.8.v20250724-1412\jre\bin\instrument.dll
0x00007ffb4bc70000 - 0x00007ffb4bc8f000 	C:\sts-4.32.1\plugins\org.eclipse.justj.openjdk.hotspot.jre.full.win32.x86_64_21.0.8.v20250724-1412\jre\bin\java.dll
0x00007ffbd40a0000 - 0x00007ffbd47ef000 	C:\WINDOWS\System32\SHELL32.dll
0x00007ffbd2a80000 - 0x00007ffbd2beb000 	C:\WINDOWS\System32\wintypes.dll
0x00007ffbd0590000 - 0x00007ffbd0ded000 	C:\WINDOWS\SYSTEM32\windows.storage.dll
0x00007ffbd3a70000 - 0x00007ffbd3b62000 	C:\WINDOWS\System32\SHCORE.dll
0x00007ffbd5640000 - 0x00007ffbd56a7000 	C:\WINDOWS\System32\shlwapi.dll
0x00007ffbd28b0000 - 0x00007ffbd28d9000 	C:\WINDOWS\SYSTEM32\profapi.dll
0x00007ffb4b9a0000 - 0x00007ffb4b9b8000 	C:\sts-4.32.1\plugins\org.eclipse.justj.openjdk.hotspot.jre.full.win32.x86_64_21.0.8.v20250724-1412\jre\bin\zip.dll
0x00007ffbcd020000 - 0x00007ffbcd02b000 	C:\sts-4.32.1\plugins\org.eclipse.justj.openjdk.hotspot.jre.full.win32.x86_64_21.0.8.v20250724-1412\jre\bin\dt_socket.dll
0x00007ffbd1290000 - 0x00007ffbd12c4000 	C:\WINDOWS\SYSTEM32\IPHLPAPI.DLL
0x00007ffbd1cc0000 - 0x00007ffbd1d2b000 	C:\WINDOWS\system32\mswsock.dll
0x00007ffbd12d0000 - 0x00007ffbd13fc000 	C:\WINDOWS\SYSTEM32\DNSAPI.dll
0x00007ffbd5170000 - 0x00007ffbd517a000 	C:\WINDOWS\System32\NSI.dll
0x00007ffbcb010000 - 0x00007ffbcb01b000 	C:\Windows\System32\rasadhlp.dll
0x00007ffbccb80000 - 0x00007ffbccc06000 	C:\WINDOWS\System32\fwpuclnt.dll
0x00007ffb4b990000 - 0x00007ffb4b9a0000 	C:\sts-4.32.1\plugins\org.eclipse.justj.openjdk.hotspot.jre.full.win32.x86_64_21.0.8.v20250724-1412\jre\bin\net.dll
0x00007ffbcc640000 - 0x00007ffbcc768000 	C:\WINDOWS\SYSTEM32\WINHTTP.dll
0x00007ffb4b970000 - 0x00007ffb4b986000 	C:\sts-4.32.1\plugins\org.eclipse.justj.openjdk.hotspot.jre.full.win32.x86_64_21.0.8.v20250724-1412\jre\bin\nio.dll
0x00007ffb66c80000 - 0x00007ffb66c8a000 	C:\sts-4.32.1\plugins\org.eclipse.justj.openjdk.hotspot.jre.full.win32.x86_64_21.0.8.v20250724-1412\jre\bin\management.dll
0x00007ffb66c70000 - 0x00007ffb66c7b000 	C:\sts-4.32.1\plugins\org.eclipse.justj.openjdk.hotspot.jre.full.win32.x86_64_21.0.8.v20250724-1412\jre\bin\management_ext.dll
0x00007ffbd5160000 - 0x00007ffbd5168000 	C:\WINDOWS\System32\PSAPI.DLL
0x00007ffb98430000 - 0x00007ffb98448000 	C:\WINDOWS\system32\napinsp.dll
0x00007ffb98410000 - 0x00007ffb98422000 	C:\WINDOWS\System32\winrnr.dll
0x00007ffb983e0000 - 0x00007ffb98402000 	C:\WINDOWS\system32\nlansp_c.dll
0x00007ffb983c0000 - 0x00007ffb983d6000 	C:\WINDOWS\system32\wshbth.dll
0x00007ffbd1ff0000 - 0x00007ffbd200b000 	C:\WINDOWS\SYSTEM32\CRYPTSP.dll
0x00007ffbd16b0000 - 0x00007ffbd16ea000 	C:\WINDOWS\system32\rsaenh.dll
0x00007ffbd1d70000 - 0x00007ffbd1d9b000 	C:\WINDOWS\SYSTEM32\USERENV.dll
0x00007ffbd2880000 - 0x00007ffbd28aa000 	C:\WINDOWS\SYSTEM32\bcrypt.dll
0x00007ffbd2010000 - 0x00007ffbd201c000 	C:\WINDOWS\SYSTEM32\CRYPTBASE.dll
0x00007ffb66cb0000 - 0x00007ffb66cb9000 	C:\sts-4.32.1\plugins\org.eclipse.justj.openjdk.hotspot.jre.full.win32.x86_64_21.0.8.v20250724-1412\jre\bin\extnet.dll
0x00007ffb4b960000 - 0x00007ffb4b970000 	C:\sts-4.32.1\plugins\org.eclipse.justj.openjdk.hotspot.jre.full.win32.x86_64_21.0.8.v20250724-1412\jre\bin\verify.dll
0x00007ffb724a0000 - 0x00007ffb724ae000 	C:\sts-4.32.1\plugins\org.eclipse.justj.openjdk.hotspot.jre.full.win32.x86_64_21.0.8.v20250724-1412\jre\bin\sunmscapi.dll
0x00007ffbd2fb0000 - 0x00007ffbd3127000 	C:\WINDOWS\System32\CRYPT32.dll
0x00007ffbd2230000 - 0x00007ffbd2260000 	C:\WINDOWS\SYSTEM32\ncrypt.dll
0x00007ffbd21e0000 - 0x00007ffbd221f000 	C:\WINDOWS\SYSTEM32\NTASN1.dll
0x00007ffb95be0000 - 0x00007ffb95be8000 	C:\WINDOWS\system32\wshunix.dll

JVMTI agents:
jdwp path:C:\sts-4.32.1\plugins\org.eclipse.justj.openjdk.hotspot.jre.full.win32.x86_64_21.0.8.v20250724-1412\jre\bin\jdwp.dll, loaded, initialized, options:transport=dt_socket,suspend=y,address=localhost:57638
C:\sts-4.32.1\configuration\org.eclipse.osgi\272\0\.cp\lib\javaagent-shaded.jar path:C:\sts-4.32.1\plugins\org.eclipse.justj.openjdk.hotspot.jre.full.win32.x86_64_21.0.8.v20250724-1412\jre\bin\instrument.dll, loaded, initialized, instrumentlib options:none

dbghelp: loaded successfully - version: 4.0.5 - missing functions: none
symbol engine: initialized successfully - sym options: 0x614 - pdb path: .;C:\sts-4.32.1\plugins\org.eclipse.justj.openjdk.hotspot.jre.full.win32.x86_64_21.0.8.v20250724-1412\jre\bin;C:\WINDOWS\SYSTEM32;C:\WINDOWS\WinSxS\amd64_microsoft.windows.common-controls_6595b64144ccf1df_6.0.26100.7019_none_3e06ffa0e335b8a8;C:\sts-4.32.1\plugins\org.eclipse.justj.openjdk.hotspot.jre.full.win32.x86_64_21.0.8.v20250724-1412\jre\bin\server

VM Arguments:
jvm_args: -XX:+ShowCodeDetailsInExceptionMessages -agentlib:jdwp=transport=dt_socket,suspend=y,address=localhost:57638 -Dcom.sun.management.jmxremote -Dcom.sun.management.jmxremote.port=57637 -Dcom.sun.management.jmxremote.authenticate=false -Dcom.sun.management.jmxremote.ssl=false -Djava.rmi.server.hostname=localhost -Dspring.jmx.enabled=true -Dmanagement.endpoints.jmx.exposure.include=* -Dspring.application.admin.enabled=true -Dspring.output.ansi.enabled=always -XX:TieredStopAtLevel=1 -Dspring.boot.project.name=backend -javaagent:C:\sts-4.32.1\configuration\org.eclipse.osgi\272\0\.cp\lib\javaagent-shaded.jar -Dfile.encoding=UTF-8 -Dstdout.encoding=UTF-8 -Dstderr.encoding=UTF-8 
java_command: com.pmtool.backend.BackendApplication
java_class_path (initial): C:\Workspace\Project-Dashboard-and-Tracker-main\Project-Dashboard-and-Tracker-main\backend\target\classes;C:\Users\Fist_\.m2\repository\org\springframework\boot\spring-boot-starter-data-jpa\3.2.2\spring-boot-starter-data-jpa-3.2.2.jar;C:\Users\Fist_\.m2\repository\org\springframework\boot\spring-boot-starter-aop\3.2.2\spring-boot-starter-aop-3.2.2.jar;C:\Users\Fist_\.m2\repository\org\aspectj\aspectjweaver\1.9.21\aspectjweaver-1.9.21.jar;C:\Users\Fist_\.m2\repository\org\springframework\boot\spring-boot-starter-jdbc\3.2.2\spring-boot-starter-jdbc-3.2.2.jar;C:\Users\Fist_\.m2\repository\com\zaxxer\HikariCP\5.0.1\HikariCP-5.0.1.jar;C:\Users\Fist_\.m2\repository\org\springframework\spring-jdbc\6.1.3\spring-jdbc-6.1.3.jar;C:\Users\Fist_\.m2\repository\org\hibernate\orm\hibernate-core\6.4.1.Final\hibernate-core-6.4.1.Final.jar;C:\Users\Fist_\.m2\repository\jakarta\persistence\jakarta.persistence-api\3.1.0\jakarta.persistence-api-3.1.0.jar;C:\Users\Fist_\.m2\repository\jakarta\transaction\jakarta.transaction-api\2.0.1\jakarta.transaction-api-2.0.1.jar;C:\Users\Fist_\.m2\repository\org\jboss\logging\jboss-logging\3.5.3.Final\jboss-logging-3.5.3.Final.jar;C:\Users\Fist_\.m2\repository\org\hibernate\common\hibernate-commons-annotations\6.0.6.Final\hibernate-commons-annotations-6.0.6.Final.jar;C:\Users\Fist_\.m2\repository\io\smallrye\jandex\3.1.2\jandex-3.1.2.jar;C:\Users\Fist_\.m2\repository\com\fasterxml\classmate\1.6.0\classmate-1.6.0.jar;C:\Users\Fist_\.m2\repository\net\bytebuddy\byte-buddy\1.14.11\byte-buddy-1.14.11.jar;C:\Users\Fist_\.m2\repository\org\glassfish\jaxb\jaxb-runtime\4.0.4\jaxb-runtime-4.0.4.jar;C:\Users\Fist_\.m2\repository\org\glassfish\jaxb\jaxb-core\4.0.4\jaxb-core-4.0.4.jar;C:\Users\Fist_\.m2\repository\org\eclipse\angus\angus-activation\2.0.1\angus-activation-2.0.1.jar;C:\Users\Fist_\.m2\repository\org\glassfish\jaxb\txw2\4.0.4\txw2-4.0.4.jar;C:\Users\Fist_\.m2\repository\com\sun\istack\istack-commons-runtime\4.1.2\istack-commons-runtime-4.1.2.jar;C:\Users\Fist_\.m2\repository\jakarta\inject\jakarta.inject-api\2.0.1\jakarta.inject-api-2.0.1.jar;C:\Users\Fist_\.m2\repository\org\antlr\antlr4-runtime\4.13.0\antlr4-runtime-4.13.0.jar;C:\Users\Fist_\.m2\repository\org\springframework\data\spring-data-jpa\3.2.2\spring-data-jpa-3.2.2.jar;C:\Users\Fist_\.m2\repository\org\springframework\data\spring-data-commons\3.2.2\spring-data-commons-3.2.2.jar;C:\Users\Fist_\.m2\repository\org\springframework\spring-orm\6.1.3\spring-orm-6.1.3.jar;C:\Users\Fist_\.m2\repository\org\springframework\spring-context\6.1.3\spring-context-6.1.3.jar;C:\Users\Fist_\.m2\repository\org\springframework\spring-tx\6.1.3\spring-tx-6.1.3.jar;C:\Users\Fist_\.m2\repository\org\springframework\spring-beans\6.1.3\spring-beans-6.1.3.jar;C:\Users\Fist_\.m2\repository\jakarta\annotation\jakarta.annotation-api\2.1.1\jakarta.annotation-api-2.1.1.jar;C:\Users\Fist_\.m2\repository\org\slf4j\slf4j-api\2.0.11\slf4j-api-2.0.11.jar;C:\Users\Fist_\.m2\repository\org\springframework\spring-aspects\6.1.3\spring-aspects-6.1.3.jar;C:\Users\Fist_\.m2\repository\org\springframework\boot\spring-boot-starter-security\3.2.2\spring-boot-starter-security-3.2.2.jar;C:\Users\Fist_\.m2\repository\org\springframework\boot\spring-boot-starter\3.2.2\spring-boot-starter-3.2.2.jar;C:\Users\Fist_\.m2\repository\org\springframework\boot\spring-boot\3.2.2\spring-boot-3.2.2.jar;C:\Users\Fist_\.m2\repository\org\springframework\boot\spring-boot-autoconfigure\3.2.2\spring-boot-autoconfigure-3.2.2.jar;C:\Users\Fist_\.m2\repository\org\springframework\boot\spring-boot-starter-logging\3.2.2\spring-boot-starter-logging-3.2.2.jar;C:\Users\Fist_\.m2\repository\ch\qos\logback\logback-classic\1.4.14\logback-classic-1.4.14.jar;C:\Users\Fist_\.m2\repository\ch\qos\logback\logback-core\1.4.14\logback-core-1.4.14.jar;C:\Users\Fist_\.m2\repository\org\apache\logging\log4j\log4j-to-slf4j\2.21.1\log4j-to-slf4j-2.21.1.jar;C:\Users\Fist_\.m2\repository\org\slf4j\jul-to-slf4j\2.0.11\jul-to-slf4j-2.0.11.jar;C:\Users\Fist_\.m2\repository\org\yaml\snakeyaml\2.2\snakeyaml-2.2.jar;C:\Users\Fist_\.m2\repository\org\springframework\spring-aop\6.1.3\spring-aop-6.1.3.jar;C:\Users\Fist_\.m2\repository\org\springframework\security\spring-security-config\6.2.1\spring-security-config-6.2.1.jar;C:\Users\Fist_\.m2\repository\org\springframework\security\spring-security-core\6.2.1\spring-security-core-6.2.1.jar;C:\Users\Fist_\.m2\repository\org\springframework\security\spring-security-web\6.2.1\spring-security-web-6.2.1.jar;C:\Users\Fist_\.m2\repository\org\springframework\spring-expression\6.1.3\spring-expression-6.1.3.jar;C:\Users\Fist_\.m2\repository\org\springframework\boot\spring-boot-starter-validation\3.2.2\spring-boot-starter-validation-3.2.2.jar;C:\Users\Fist_\.m2\repository\org\apache\tomcat\embed\tomcat-embed-el\10.1.18\tomcat-embed-el-10.1.18.jar;C:\Users\Fist_\.m2\repository\org\hibernate\validator\hibernate-validator\8.0.1.Final\hibernate-validator-8.0.1.Final.jar;C:\Users\Fist_\.m2\repository\jakarta\validation\jakarta.validation-api\3.0.2\jakarta.validation-api-3.0.2.jar;C:\Users\Fist_\.m2\repository\io\jsonwebtoken\jjwt-api\0.11.5\jjwt-api-0.11.5.jar;C:\Users\Fist_\.m2\repository\io\jsonwebtoken\jjwt-impl\0.11.5\jjwt-impl-0.11.5.jar;C:\Users\Fist_\.m2\repository\io\jsonwebtoken\jjwt-jackson\0.11.5\jjwt-jackson-0.11.5.jar;C:\Users\Fist_\.m2\repository\com\fasterxml\jackson\core\jackson-databind\2.15.3\jackson-databind-2.15.3.jar;C:\Users\Fist_\.m2\repository\com\fasterxml\jackson\core\jackson-annotations\2.15.3\jackson-annotations-2.15.3.jar;C:\Users\Fist_\.m2\repository\com\fasterxml\jackson\core\jackson-core\2.15.3\jackson-core-2.15.3.jar;C:\Users\Fist_\.m2\repository\org\springframework\boot\spring-boot-starter-web\3.2.2\spring-boot-starter-web-3.2.2.jar;C:\Users\Fist_\.m2\repository\org\springframework\boot\spring-boot-starter-json\3.2.2\spring-boot-starter-json-3.2.2.jar;C:\Users\Fist_\.m2\repository\com\fasterxml\jackson\datatype\jackson-datatype-jdk8\2.15.3\jackson-datatype-jdk8-2.15.3.jar;C:\Users\Fist_\.m2\repository\com\fasterxml\jackson\datatype\jackson-datatype-jsr310\2.15.3\jackson-datatype-jsr310-2.15.3.jar;C:\Users\Fist_\.m2\repository\com\fasterxml\jackson\module\jackson-module-parameter-names\2.15.3\jackson-module-parameter-names-2.15.3.jar;C:\Users\Fist_\.m2\repository\org\springframework\boot\spring-boot-starter-tomcat\3.2.2\spring-boot-starter-tomcat-3.2.2.jar;C:\Users\Fist_\.m2\repository\org\apache\tomcat\embed\tomcat-embed-core\10.1.18\tomcat-embed-core-10.1.18.jar;C:\Users\Fist_\.m2\repository\org\apache\tomcat\embed\tomcat-embed-websocket\10.1.18\tomcat-embed-websocket-10.1.18.jar;C:\Users\Fist_\.m2\repository\org\springframework\spring-web\6.1.3\spring-web-6.1.3.jar;C:\Users\Fist_\.m2\repository\io\micrometer\micrometer-observation\1.12.2\micrometer-observation-1.12.2.jar;C:\Users\Fist_\.m2\repository\io\micrometer\micrometer-commons\1.12.2\micrometer-commons-1.12.2.jar;C:\Users\Fist_\.m2\repository\org\springframework\spring-webmvc\6.1.3\spring-webmvc-6.1.3.jar;C:\Users\Fist_\.m2\repository\jakarta\xml\bind\jakarta.xml.bind-api\4.0.1\jakarta.xml.bind-api-4.0.1.jar;C:\Users\Fist_\.m2\repository\jakarta\activation\jakarta.activation-api\2.1.2\jakarta.activation-api-2.1.2.jar;C:\Users\Fist_\.m2\repository\org\springframework\spring-core\6.1.3\spring-core-6.1.3.jar;C:\Users\Fist_\.m2\repository\org\springframework\spring-jcl\6.1.3\spring-jcl-6.1.3.jar;C:\Users\Fist_\.m2\repository\org\postgresql\postgresql\42.6.0\postgresql-42.6.0.jar;C:\Users\Fist_\.m2\repository\org\checkerframework\checker-qual\3.31.0\checker-qual-3.31.0.jar;C:\Users\Fist_\.m2\repository\org\springframework\security\spring-security-crypto\6.2.1\spring-security-crypto-6.2.1.jar;C:\Users\Fist_\.m2\repository\org\apache\poi\poi-ooxml\5.2.4\poi-ooxml-5.2.4.jar;C:\Users\Fist_\.m2\repository\org\apache\poi\poi\5.2.4\poi-5.2.4.jar;C:\Users\Fist_\.m2\repository\commons-codec\commons-codec\1.16.0\commons-codec-1.16.0.jar;C:\Users\Fist_\.m2\repository\org\apache\commons\commons-math3\3.6.1\commons-math3-3.6.1.jar;C:\Users\Fist_\.m2\repository\com\zaxxer\SparseBitSet\1.3\SparseBitSet-1.3.jar;C:\Users\Fist_\.m2\repository\org\apache\poi\poi-ooxml-lite\5.2.4\poi-ooxml-lite-5.2.4.jar;C:\Users\Fist_\.m2\repository\org\apache\xmlbeans\xmlbeans\5.1.1\xmlbeans-5.1.1.jar;C:\Users\Fist_\.m2\repository\org\apache\commons\commons-compress\1.24.0\commons-compress-1.24.0.jar;C:\Users\Fist_\.m2\repository\commons-io\commons-io\2.13.0\commons-io-2.13.0.jar;C:\Users\Fist_\.m2\repository\com\github\virtuald\curvesapi\1.08\curvesapi-1.08.jar;C:\Users\Fist_\.m2\repository\org\apache\logging\log4j\log4j-api\2.21.1\log4j-api-2.21.1.jar;C:\Users\Fist_\.m2\repository\org\apache\commons\commons-collections4\4.4\commons-collections4-4.4.jar;C:\Users\Fist_\.m2\repository\com\opencsv\opencsv\5.8\opencsv-5.8.jar;C:\Users\Fist_\.m2\repository\org\apache\commons\commons-lang3\3.13.0\commons-lang3-3.13.0.jar;C:\Users\Fist_\.m2\repository\org\apache\commons\commons-text\1.10.0\commons-text-1.10.0.jar;C:\Users\Fist_\.m2\repository\commons-beanutils\commons-beanutils\1.9.4\commons-beanutils-1.9.4.jar;C:\Users\Fist_\.m2\repository\commons-logging\commons-logging\1.2\commons-logging-1.2.jar;C:\Users\Fist_\.m2\repository\commons-collections\commons-collections\3.2.2\commons-collections-3.2.2.jar;C:\Users\Fist_\.m2\repository\org\projectlombok\lombok\1.18.32\lombok-1.18.32.jar;C:\Users\Fist_\.m2\repository\org\jsoup\jsoup\1.17.2\jsoup-1.17.2.jar;C:\Users\Fist_\.m2\repository\com\itextpdf\itextpdf\5.5.13.3\itextpdf-5.5.13.3.jar
Launcher Type: SUN_STANDARD

[Global flags]
     intx CICompilerCount                          = 12                                        {product} {ergonomic}
     uint ConcGCThreads                            = 4                                         {product} {ergonomic}
     uint G1ConcRefinementThreads                  = 15                                        {product} {ergonomic}
   size_t G1HeapRegionSize                         = 8388608                                   {product} {ergonomic}
    uintx GCDrainStackTargetSize                   = 64                                        {product} {ergonomic}
   size_t InitialHeapSize                          = 1073741824                                {product} {ergonomic}
     bool ManagementServer                         = true                                      {product} {command line}
   size_t MarkStackSize                            = 4194304                                   {product} {ergonomic}
   size_t MaxHeapSize                              = 17104371712                               {product} {ergonomic}
   size_t MaxNewSize                               = 10259267584                               {product} {ergonomic}
   size_t MinHeapDeltaBytes                        = 8388608                                   {product} {ergonomic}
   size_t MinHeapSize                              = 8388608                                   {product} {ergonomic}
    uintx NonNMethodCodeHeapSize                   = 4096                                   {pd product} {ergonomic}
    uintx NonProfiledCodeHeapSize                  = 0                                      {pd product} {ergonomic}
     bool ProfileInterpreter                       = false                                  {pd product} {command line}
    uintx ProfiledCodeHeapSize                     = 0                                      {pd product} {ergonomic}
     bool ShowCodeDetailsInExceptionMessages       = true                                   {manageable} {command line}
   size_t SoftMaxHeapSize                          = 17104371712                            {manageable} {ergonomic}
     intx TieredStopAtLevel                        = 1                                         {product} {command line}
     bool UseCompressedOops                        = true                           {product lp64_product} {ergonomic}
     bool UseG1GC                                  = true                                      {product} {ergonomic}
     bool UseLargePagesIndividualAllocation        = false                                  {pd product} {ergonomic}

Logging:
Log output configuration:
 #0: stdout all=warning uptime,level,tags foldmultilines=false
 #1: stderr all=off uptime,level,tags foldmultilines=false

Environment Variables:
JAVA_HOME=C:\Program Files\Java\jdk-25
PATH=C:\sts-4.32.1\plugins\org.eclipse.justj.openjdk.hotspot.jre.full.win32.x86_64_21.0.8.v20250724-1412\jre\bin;C:/sts-4.32.1//plugins/org.eclipse.justj.openjdk.hotspot.jre.full.win32.x86_64_21.0.8.v20250724-1412/jre/bin/server;C:/sts-4.32.1//plugins/org.eclipse.justj.openjdk.hotspot.jre.full.win32.x86_64_21.0.8.v20250724-1412/jre/bin;C:\Program Files\Common Files\Oracle\Java\javapath;C:\WINDOWS\system32;C:\WINDOWS;C:\WINDOWS\System32\Wbem;C:\WINDOWS\System32\WindowsPowerShell\v1.0\;C:\WINDOWS\System32\OpenSSH\;C:\Program Files\dotnet\;C:\Program Files\Microsoft SQL Server\120\Tools\Binn\;C:\Program Files\Common Files\Autodesk Shared\;C:\Program Files (x86)\Windows Kits\10\Windows Performance Toolkit\;C:\Program Files\Microsoft SQL Server\150\Tools\Binn\;C:\Users\Fist_\Downloads\;%JAVA_HOME%\bin;C:\Program Files\nodejs\;C:\Program Files\MySQL\MySQL Shell 8.0\bin\;C:\Users\Fist_\AppData\Local\Microsoft\WindowsApps;C:\Users\Fist_\AppData\Local\Programs\Microsoft VS Code\bin;C:\Users\Fist_\AppData\Roaming\npm;C:\sts-4.32.1;
USERNAME=Fist_
OS=Windows_NT
PROCESSOR_IDENTIFIER=Intel64 Family 6 Model 151 Stepping 2, GenuineIntel
TMP=C:\Users\Fist_\AppData\Local\Temp
TEMP=C:\Users\Fist_\AppData\Local\Temp




Periodic native trim disabled

---------------  S Y S T E M  ---------------

OS:
 Windows 11 , 64 bit Build 26100 (10.0.26100.7019)
OS uptime: 0 days 7:42 hours
Hyper-V role detected

CPU: total 20 (initial active 20) (10 cores per cpu, 2 threads per core) family 6 model 151 stepping 2 microcode 0x3a, cx8, cmov, fxsr, ht, mmx, 3dnowpref, sse, sse2, sse3, ssse3, sse4.1, sse4.2, popcnt, lzcnt, tsc, tscinvbit, avx, avx2, aes, erms, clmul, bmi1, bmi2, adx, sha, fma, vzeroupper, clflush, clflushopt, clwb, hv, serialize, rdtscp, rdpid, fsrm, f16c, cet_ibt, cet_ss
Processor Information for the first 20 processors :
  Max Mhz: 2100, Current Mhz: 2100, Mhz Limit: 2100

Memory: 4k page, system-wide physical 65224M (43166M free)
TotalPageFile size 69320M (AvailPageFile size 44344M)
current process WorkingSet (physical memory assigned to process): 625M, peak: 660M
current process commit charge ("private bytes"): 830M, peak: 1167M

vm_info: OpenJDK 64-Bit Server VM (21.0.8+9-LTS) for windows-amd64 JRE (21.0.8+9-LTS), built on 2025-07-15T00:00:00Z by "admin" with MS VC++ 17.7 (VS2022)

END.
